kernel_name = _Z5l1_bwPjS_PfS0_
kernel_launch_uid = 1
kernel_stream_id = 1
gpu_sim_cycle = 52309
gpu_sim_insn = 3585024
gpu_sim_insn calculated by classic = 3585024
gpu_ipc =      68.5355
gpu_tot_sim_cycle = 52309
gpu_tot_sim_insn = 3585024
gpu_tot_ipc =      68.5355
gpu_tot_issued_cta = 1
gpu_occupancy = 49.8961% 
gpu_tot_occupancy = 49.8961% 
max_total_param_size = 0
gpu_stall_dramfull = 0
gpu_stall_icnt2sh    = 0
partiton_level_parallism =       0.0467
partiton_level_parallism_total  =       0.0467
partiton_level_parallism_util =       1.0000
partiton_level_parallism_util_total  =       1.0000
L2_BW  =       2.1530 GB/Sec
L2_BW_total  =       2.1530 GB/Sec
L2_BW  calculated_by_classic=       2.1530 GB/Sec
L2_BW_total  calculated_by_classic=       2.1530 GB/Sec
gpu_total_sim_rate=275771

========= Core cache stats =========
L1I_cache:
	L1I_total_cache_accesses = 0
	L1I_total_cache_misses = 0
	L1I_total_cache_pending_hits = 0
	L1I_total_cache_reservation_fails = 0
L1D_cache:
	L1D_cache_core[0]: Access = 133504, Miss = 2432, Miss_rate = 0.018, Pending_hits = 12, Reservation_fails = 3082
	L1D_cache_core[1]: Access = 0, Miss = 0, Miss_rate = -nan, Pending_hits = 0, Reservation_fails = 0
	L1D_cache_core[2]: Access = 0, Miss = 0, Miss_rate = -nan, Pending_hits = 0, Reservation_fails = 0
	L1D_cache_core[3]: Access = 0, Miss = 0, Miss_rate = -nan, Pending_hits = 0, Reservation_fails = 0
	L1D_cache_core[4]: Access = 0, Miss = 0, Miss_rate = -nan, Pending_hits = 0, Reservation_fails = 0
	L1D_cache_core[5]: Access = 0, Miss = 0, Miss_rate = -nan, Pending_hits = 0, Reservation_fails = 0
	L1D_cache_core[6]: Access = 0, Miss = 0, Miss_rate = -nan, Pending_hits = 0, Reservation_fails = 0
	L1D_cache_core[7]: Access = 0, Miss = 0, Miss_rate = -nan, Pending_hits = 0, Reservation_fails = 0
	L1D_cache_core[8]: Access = 0, Miss = 0, Miss_rate = -nan, Pending_hits = 0, Reservation_fails = 0
	L1D_cache_core[9]: Access = 0, Miss = 0, Miss_rate = -nan, Pending_hits = 0, Reservation_fails = 0
	L1D_cache_core[10]: Access = 0, Miss = 0, Miss_rate = -nan, Pending_hits = 0, Reservation_fails = 0
	L1D_cache_core[11]: Access = 0, Miss = 0, Miss_rate = -nan, Pending_hits = 0, Reservation_fails = 0
	L1D_cache_core[12]: Access = 0, Miss = 0, Miss_rate = -nan, Pending_hits = 0, Reservation_fails = 0
	L1D_cache_core[13]: Access = 0, Miss = 0, Miss_rate = -nan, Pending_hits = 0, Reservation_fails = 0
	L1D_cache_core[14]: Access = 0, Miss = 0, Miss_rate = -nan, Pending_hits = 0, Reservation_fails = 0
	L1D_cache_core[15]: Access = 0, Miss = 0, Miss_rate = -nan, Pending_hits = 0, Reservation_fails = 0
	L1D_cache_core[16]: Access = 0, Miss = 0, Miss_rate = -nan, Pending_hits = 0, Reservation_fails = 0
	L1D_cache_core[17]: Access = 0, Miss = 0, Miss_rate = -nan, Pending_hits = 0, Reservation_fails = 0
	L1D_cache_core[18]: Access = 0, Miss = 0, Miss_rate = -nan, Pending_hits = 0, Reservation_fails = 0
	L1D_cache_core[19]: Access = 0, Miss = 0, Miss_rate = -nan, Pending_hits = 0, Reservation_fails = 0
	L1D_cache_core[20]: Access = 0, Miss = 0, Miss_rate = -nan, Pending_hits = 0, Reservation_fails = 0
	L1D_cache_core[21]: Access = 0, Miss = 0, Miss_rate = -nan, Pending_hits = 0, Reservation_fails = 0
	L1D_cache_core[22]: Access = 0, Miss = 0, Miss_rate = -nan, Pending_hits = 0, Reservation_fails = 0
	L1D_cache_core[23]: Access = 0, Miss = 0, Miss_rate = -nan, Pending_hits = 0, Reservation_fails = 0
	L1D_cache_core[24]: Access = 0, Miss = 0, Miss_rate = -nan, Pending_hits = 0, Reservation_fails = 0
	L1D_cache_core[25]: Access = 0, Miss = 0, Miss_rate = -nan, Pending_hits = 0, Reservation_fails = 0
	L1D_cache_core[26]: Access = 0, Miss = 0, Miss_rate = -nan, Pending_hits = 0, Reservation_fails = 0
	L1D_cache_core[27]: Access = 0, Miss = 0, Miss_rate = -nan, Pending_hits = 0, Reservation_fails = 0
	L1D_cache_core[28]: Access = 0, Miss = 0, Miss_rate = -nan, Pending_hits = 0, Reservation_fails = 0
	L1D_cache_core[29]: Access = 0, Miss = 0, Miss_rate = -nan, Pending_hits = 0, Reservation_fails = 0
	L1D_cache_core[30]: Access = 0, Miss = 0, Miss_rate = -nan, Pending_hits = 0, Reservation_fails = 0
	L1D_cache_core[31]: Access = 0, Miss = 0, Miss_rate = -nan, Pending_hits = 0, Reservation_fails = 0
	L1D_cache_core[32]: Access = 0, Miss = 0, Miss_rate = -nan, Pending_hits = 0, Reservation_fails = 0
	L1D_cache_core[33]: Access = 0, Miss = 0, Miss_rate = -nan, Pending_hits = 0, Reservation_fails = 0
	L1D_cache_core[34]: Access = 0, Miss = 0, Miss_rate = -nan, Pending_hits = 0, Reservation_fails = 0
	L1D_cache_core[35]: Access = 0, Miss = 0, Miss_rate = -nan, Pending_hits = 0, Reservation_fails = 0
	L1D_cache_core[36]: Access = 0, Miss = 0, Miss_rate = -nan, Pending_hits = 0, Reservation_fails = 0
	L1D_cache_core[37]: Access = 0, Miss = 0, Miss_rate = -nan, Pending_hits = 0, Reservation_fails = 0
	L1D_cache_core[38]: Access = 0, Miss = 0, Miss_rate = -nan, Pending_hits = 0, Reservation_fails = 0
	L1D_cache_core[39]: Access = 0, Miss = 0, Miss_rate = -nan, Pending_hits = 0, Reservation_fails = 0
	L1D_cache_core[40]: Access = 0, Miss = 0, Miss_rate = -nan, Pending_hits = 0, Reservation_fails = 0
	L1D_cache_core[41]: Access = 0, Miss = 0, Miss_rate = -nan, Pending_hits = 0, Reservation_fails = 0
	L1D_cache_core[42]: Access = 0, Miss = 0, Miss_rate = -nan, Pending_hits = 0, Reservation_fails = 0
	L1D_cache_core[43]: Access = 0, Miss = 0, Miss_rate = -nan, Pending_hits = 0, Reservation_fails = 0
	L1D_cache_core[44]: Access = 0, Miss = 0, Miss_rate = -nan, Pending_hits = 0, Reservation_fails = 0
	L1D_cache_core[45]: Access = 0, Miss = 0, Miss_rate = -nan, Pending_hits = 0, Reservation_fails = 0
	L1D_cache_core[46]: Access = 0, Miss = 0, Miss_rate = -nan, Pending_hits = 0, Reservation_fails = 0
	L1D_cache_core[47]: Access = 0, Miss = 0, Miss_rate = -nan, Pending_hits = 0, Reservation_fails = 0
	L1D_cache_core[48]: Access = 0, Miss = 0, Miss_rate = -nan, Pending_hits = 0, Reservation_fails = 0
	L1D_cache_core[49]: Access = 0, Miss = 0, Miss_rate = -nan, Pending_hits = 0, Reservation_fails = 0
	L1D_cache_core[50]: Access = 0, Miss = 0, Miss_rate = -nan, Pending_hits = 0, Reservation_fails = 0
	L1D_cache_core[51]: Access = 0, Miss = 0, Miss_rate = -nan, Pending_hits = 0, Reservation_fails = 0
	L1D_cache_core[52]: Access = 0, Miss = 0, Miss_rate = -nan, Pending_hits = 0, Reservation_fails = 0
	L1D_cache_core[53]: Access = 0, Miss = 0, Miss_rate = -nan, Pending_hits = 0, Reservation_fails = 0
	L1D_cache_core[54]: Access = 0, Miss = 0, Miss_rate = -nan, Pending_hits = 0, Reservation_fails = 0
	L1D_cache_core[55]: Access = 0, Miss = 0, Miss_rate = -nan, Pending_hits = 0, Reservation_fails = 0
	L1D_total_cache_accesses = 133504
	L1D_total_cache_misses = 2432
	L1D_total_cache_miss_rate = 0.0182
	L1D_total_cache_pending_hits = 12
	L1D_total_cache_reservation_fails = 3082
	L1D_cache_data_port_util = 0.931
	L1D_cache_fill_port_util = 0.048
L1C_cache:
	L1C_total_cache_accesses = 0
	L1C_total_cache_misses = 0
	L1C_total_cache_pending_hits = 0
	L1C_total_cache_reservation_fails = 0
L1T_cache:
	L1T_total_cache_accesses = 0
	L1T_total_cache_misses = 0
	L1T_total_cache_pending_hits = 0
	L1T_total_cache_reservation_fails = 0

Total_core_cache_stats:

Total_core_cache_fail_stats:
ctas_completed 1, Shader 0 warp_id issue ditsribution:
warp_id:
0, 1, 2, 3, 4, 5, 6, 7, 8, 9, 10, 11, 12, 13, 14, 15, 16, 17, 18, 19, 20, 21, 22, 23, 24, 25, 26, 27, 28, 29, 30, 31, 
distro:
3512, 3512, 3512, 3512, 3512, 3512, 3512, 3512, 3512, 3512, 3512, 3512, 3512, 3512, 3512, 3512, 3512, 3512, 3512, 3512, 3512, 3512, 3512, 3512, 3512, 3512, 3512, 3512, 3512, 3512, 3512, 3512, 
gpgpu_n_tot_thrd_icount = 3596288
gpgpu_n_tot_w_icount = 112384
gpgpu_n_stall_shd_mem = 540
gpgpu_n_mem_read_local = 0
gpgpu_n_mem_write_local = 0
gpgpu_n_mem_read_global = 2060
gpgpu_n_mem_write_global = 384
gpgpu_n_mem_texture = 0
gpgpu_n_mem_const = 0
gpgpu_n_load_insn  = 1064960
gpgpu_n_store_insn = 3072
gpgpu_n_shmem_insn = 0
gpgpu_n_sstarr_insn = 0
gpgpu_n_tex_insn = 0
gpgpu_n_const_mem_insn = 0
gpgpu_n_param_mem_insn = 0
gpgpu_n_shmem_bkconflict = 0
gpgpu_n_l1cache_bkconflict = 540
gpgpu_n_intrawarp_mshr_merge = 0
gpgpu_n_cmem_portconflict = 0
gpgpu_stall_shd_mem[c_mem][resource_stall] = 0
gpgpu_stall_shd_mem[s_mem][bk_conf] = 0
gpgpu_stall_shd_mem[gl_mem][resource_stall] = 540
gpgpu_stall_shd_mem[gl_mem][coal_stall] = 0
gpgpu_stall_shd_mem[gl_mem][data_port_stall] = 0
gpu_reg_bank_conflict_stalls = 0
Warp Occupancy Distribution:
Stall:40252	W0_Idle:1990	W0_Scoreboard:17010	W1:0	W2:0	W3:0	W4:0	W5:0	W6:0	W7:0	W8:0	W9:0	W10:0	W11:0	W12:0	W13:0	W14:0	W15:0	W16:0	W17:0	W18:0	W19:0	W20:0	W21:0	W22:0	W23:0	W24:0	W25:0	W26:0	W27:0	W28:0	W29:0	W30:0	W31:0	W32:112032
single_issue_nums: WS0:28096	WS1:28096	WS2:28096	WS3:28096	
dual_issue_nums: WS0:0	WS1:0	WS2:0	WS3:0	
traffic_breakdown_coretomem[GLOBAL_ACC_R] = 16480 {8:2060,}
traffic_breakdown_coretomem[GLOBAL_ACC_W] = 15360 {40:384,}
traffic_breakdown_memtocore[GLOBAL_ACC_R] = 82400 {40:2060,}
traffic_breakdown_memtocore[GLOBAL_ACC_W] = 3072 {8:384,}
maxmflatency = 647 
max_icnt2mem_latency = 176 
maxmrqlatency = 28 
max_icnt2sh_latency = 145 
averagemflatency = 465 
avg_icnt2mem_latency = 87 
avg_mrq_latency = 3 
avg_icnt2sh_latency = 10 
mrq_lat_table:1201 	504 	136 	64 	155 	0 	0 	0 	0 	0 	0 	0 	0 	0 	0 	0 	0 	0 	0 	0 	0 	0 	0 	0 	0 	0 	0 	0 	0 	0 	0 	0 	
dq_lat_table:0 	0 	0 	0 	0 	0 	0 	0 	0 	0 	0 	0 	0 	0 	0 	0 	0 	0 	0 	0 	0 	0 	0 	0 	0 	0 	0 	0 	0 	0 	0 	0 	
mf_lat_table:0 	0 	0 	0 	0 	0 	0 	112 	2019 	313 	0 	0 	0 	0 	0 	0 	0 	0 	0 	0 	0 	0 	0 	0 	0 	0 	0 	0 	0 	0 	0 	0 	
icnt2mem_lat_table:0 	0 	0 	0 	0 	1299 	880 	265 	0 	0 	0 	0 	0 	0 	0 	0 	0 	0 	0 	0 	0 	0 	0 	0 	
icnt2sh_lat_table:0 	925 	670 	527 	180 	108 	32 	2 	0 	0 	0 	0 	0 	0 	0 	0 	0 	0 	0 	0 	0 	0 	0 	0 	
mf_lat_pw_table:0 	0 	0 	0 	0 	0 	0 	1 	7 	0 	0 	0 	0 	0 	0 	0 	0 	0 	0 	0 	0 	0 	0 	0 	0 	0 	0 	0 	0 	0 	0 	0 	
maximum concurrent accesses to same row:
dram[0]:         0         0         0         0         0         0         0         0         0         0         0         0         0         0         0         0 
dram[1]:         0         0         0         0         0         0         0         0         0         0         0         0         0         0         0         0 
dram[2]:         0         0         0         0         0         0         0         0         0         0         0         0         0         0         0         0 
dram[3]:         0         0         0         0         0         0         0         0         0         0         0         0         0         0         0         0 
dram[4]:         0         0         0         0         0         0         0         0         0         0         0         0         0         0         0         0 
dram[5]:         0         0         0         0         0         0         0         0         0         0         0         0         0         0         0         0 
dram[6]:         0         0         0         0         0         0         0         0         0         0         0         0         0         0         0         0 
dram[7]:         0         0         0         0         0         0         0         0         0         0         0         0         0         0         0         0 
dram[8]:         0         0         0         0         0         0         0         0         0         0         0         0         0         0         0         0 
dram[9]:         0         0         0         0         0         0         0         0         0         0         0         0         0         0         0         0 
dram[10]:         0         0         0         0         0         0         0         0         0         0         0         0         0         0         0         0 
dram[11]:         0         0         0         0         0         0         0         0         0         0         0         0         0         0         0         0 
dram[12]:         0         0         0         0         0         0         0         0         0         0         0         0         0         0         0         0 
dram[13]:         0         0         0         0         0         0         0         0         0         0         0         0         0         0         0         0 
dram[14]:         0         0         0         0         0         0         0         0         0         0         0         0         0         0         0         0 
dram[15]:         0         0         0         0         0         0         0         0         0         0         0         0         0         0         0         0 
dram[16]:         0         0         0         0         0         0         0         0         0         0         0         0         0         0         0         0 
dram[17]:         0         0         0         0         0         0         0         0         0         0         0         0         0         0         0         0 
dram[18]:         0         0         0         0         0         0         0         0         0         0         0         0         0         0         0         0 
dram[19]:         0         0         0         0         0         0         0         0         0         0         0         0         0         0         0         0 
dram[20]:         0         0         0         0         0         0         0         0         0         0         0         0         0         0         0         0 
dram[21]:         0         0         0         0         0         0         0         0         0         0         0         0         0         0         0         0 
dram[22]:         0         0         0         0         0         0         0         0         0         0         0         0         0         0         0         0 
dram[23]:         0         0         0         0         0         0         0         0         0         0         0         0         0         0         0         0 
maximum service time to same row:
dram[0]:         0         0         0         0     10082     10014     10652     10531         0         0         0         0         0         0         0         0 
dram[1]:         0         0         0         0     10063     10037     10638     10555         0         0         0         0         0         0         0         0 
dram[2]:         0         0         0         0     10052     10076     10614     10667         0         0         0         0         0         0         0         0 
dram[3]:         0         0         0         0     10134     10083     10725     10675         0         0         0         0         0         0         0         0 
dram[4]:         0         0         0         0     10203     10340     10793     10959         0         0         0         0         0         0         0         0 
dram[5]:         0         0         0         0     10171     10103     10729     10720         0         0         0         0         0         0         0         0 
dram[6]:         0         0         0         0     10227     10197     10827     10875         0         0         0         0         0         0         0         0 
dram[7]:         0         0         0         0     10122     10225     10688     10818         0         0         0         0         0         0         0         0 
dram[8]:         0         0         0         0     10088     10024     10891     10806         0         0         0         0         0         0         0         0 
dram[9]:         0         0         0         0     10065     10044     10856     10902         0         0         0         0         0         0         0         0 
dram[10]:         0         0         0         0     10062     10078     11000     10821         0         0         0         0         0         0         0         0 
dram[11]:         0         0         0         0     10136     10088     10939     10995         0         0         0         0         0         0         0         0 
dram[12]:         0         0         0         0     10208     10344     11109     10973         0         0         0         0         0         0         0         0 
dram[13]:         0         0         0         0     10173     10107     11032     10960         0         0         0         0         0         0         0         0 
dram[14]:         0         0         0         0     10232     10204     10984     11100         0         0         0         0         0         0         0         0 
dram[15]:         0         0         0         0     10126     10229     10966     11044         0         0         0         0         0         0         0         0 
dram[16]:         0         0         0         0     10084     10019     10656     10532         0         0         0         0         0         0         0         0 
dram[17]:         0         0         0         0     10064     10040     10640     10555         0         0         0         0         0         0         0         0 
dram[18]:         0         0         0         0     10057     10077     10619     10670         0         0         0         0         0         0         0         0 
dram[19]:         0         0         0         0     10134     10085     10728     10675         0         0         0         0         0         0         0         0 
dram[20]:         0         0         0         0     10204     10341     10801     10959         0         0         0         0         0         0         0         0 
dram[21]:         0         0         0         0     10172     10104     10730     10724         0         0         0         0         0         0         0         0 
dram[22]:         0         0         0         0     10230     10200     10830     10875         0         0         0         0         0         0         0         0 
dram[23]:         0         0         0         0     10123     10227     10690     10819         0         0         0         0         0         0         0         0 
average row accesses per activate:
dram[0]:      -nan      -nan      -nan      -nan 16.000000 16.000000 28.000000 28.000000      -nan      -nan      -nan      -nan      -nan      -nan      -nan      -nan 
dram[1]:      -nan      -nan      -nan      -nan 16.000000 16.000000 28.000000 28.000000      -nan      -nan      -nan      -nan      -nan      -nan      -nan      -nan 
dram[2]:      -nan      -nan      -nan      -nan 16.000000 16.000000 28.000000 28.000000      -nan      -nan      -nan      -nan      -nan      -nan      -nan      -nan 
dram[3]:      -nan      -nan      -nan      -nan 16.000000 16.000000 28.000000 28.000000      -nan      -nan      -nan      -nan      -nan      -nan      -nan      -nan 
dram[4]:      -nan      -nan      -nan      -nan 16.000000 16.000000 28.000000 28.000000      -nan      -nan      -nan      -nan      -nan      -nan      -nan      -nan 
dram[5]:      -nan      -nan      -nan      -nan 16.000000 16.000000 28.000000 28.000000      -nan      -nan      -nan      -nan      -nan      -nan      -nan      -nan 
dram[6]:      -nan      -nan      -nan      -nan 16.000000 16.000000 28.000000 28.000000      -nan      -nan      -nan      -nan      -nan      -nan      -nan      -nan 
dram[7]:      -nan      -nan      -nan      -nan 16.000000 16.000000 28.000000 28.000000      -nan      -nan      -nan      -nan      -nan      -nan      -nan      -nan 
dram[8]:      -nan      -nan      -nan      -nan 16.000000 16.000000 28.000000 28.000000      -nan      -nan      -nan      -nan      -nan      -nan      -nan      -nan 
dram[9]:      -nan      -nan      -nan      -nan 16.000000 16.000000 28.000000 28.000000      -nan      -nan      -nan      -nan      -nan      -nan      -nan      -nan 
dram[10]:      -nan      -nan      -nan      -nan 16.000000 16.000000 28.000000 28.000000      -nan      -nan      -nan      -nan      -nan      -nan      -nan      -nan 
dram[11]:      -nan      -nan      -nan      -nan 16.000000 16.000000 28.000000 28.000000      -nan      -nan      -nan      -nan      -nan      -nan      -nan      -nan 
dram[12]:      -nan      -nan      -nan      -nan 16.000000 16.000000 28.000000 28.000000      -nan      -nan      -nan      -nan      -nan      -nan      -nan      -nan 
dram[13]:      -nan      -nan      -nan      -nan 16.000000 16.000000 28.000000 28.000000      -nan      -nan      -nan      -nan      -nan      -nan      -nan      -nan 
dram[14]:      -nan      -nan      -nan      -nan 16.000000 16.000000 28.000000 28.000000      -nan      -nan      -nan      -nan      -nan      -nan      -nan      -nan 
dram[15]:      -nan      -nan      -nan      -nan 16.000000 16.000000 28.000000 28.000000      -nan      -nan      -nan      -nan      -nan      -nan      -nan      -nan 
dram[16]:      -nan      -nan      -nan      -nan 16.000000 16.000000 28.000000 28.000000      -nan      -nan      -nan      -nan      -nan      -nan      -nan      -nan 
dram[17]:      -nan      -nan      -nan      -nan 16.000000 16.000000 28.000000 24.000000      -nan      -nan      -nan      -nan      -nan      -nan      -nan      -nan 
dram[18]:      -nan      -nan      -nan      -nan 16.000000 16.000000 24.000000 24.000000      -nan      -nan      -nan      -nan      -nan      -nan      -nan      -nan 
dram[19]:      -nan      -nan      -nan      -nan 16.000000 16.000000 24.000000 24.000000      -nan      -nan      -nan      -nan      -nan      -nan      -nan      -nan 
dram[20]:      -nan      -nan      -nan      -nan 16.000000 16.000000 24.000000 24.000000      -nan      -nan      -nan      -nan      -nan      -nan      -nan      -nan 
dram[21]:      -nan      -nan      -nan      -nan 16.000000 16.000000 24.000000 24.000000      -nan      -nan      -nan      -nan      -nan      -nan      -nan      -nan 
dram[22]:      -nan      -nan      -nan      -nan 16.000000 16.000000 24.000000 24.000000      -nan      -nan      -nan      -nan      -nan      -nan      -nan      -nan 
dram[23]:      -nan      -nan      -nan      -nan 16.000000 16.000000 24.000000 24.000000      -nan      -nan      -nan      -nan      -nan      -nan      -nan      -nan 
average row locality = 2060/96 = 21.458334
number of total memory accesses made:
dram[0]:         0         0         0         0         0         0         0         0         0         0         0         0         0         0         0         0 
dram[1]:         0         0         0         0         0         0         0         0         0         0         0         0         0         0         0         0 
dram[2]:         0         0         0         0         0         0         0         0         0         0         0         0         0         0         0         0 
dram[3]:         0         0         0         0         0         0         0         0         0         0         0         0         0         0         0         0 
dram[4]:         0         0         0         0         0         0         0         0         0         0         0         0         0         0         0         0 
dram[5]:         0         0         0         0         0         0         0         0         0         0         0         0         0         0         0         0 
dram[6]:         0         0         0         0         0         0         0         0         0         0         0         0         0         0         0         0 
dram[7]:         0         0         0         0         0         0         0         0         0         0         0         0         0         0         0         0 
dram[8]:         0         0         0         0         0         0         0         0         0         0         0         0         0         0         0         0 
dram[9]:         0         0         0         0         0         0         0         0         0         0         0         0         0         0         0         0 
dram[10]:         0         0         0         0         0         0         0         0         0         0         0         0         0         0         0         0 
dram[11]:         0         0         0         0         0         0         0         0         0         0         0         0         0         0         0         0 
dram[12]:         0         0         0         0         0         0         0         0         0         0         0         0         0         0         0         0 
dram[13]:         0         0         0         0         0         0         0         0         0         0         0         0         0         0         0         0 
dram[14]:         0         0         0         0         0         0         0         0         0         0         0         0         0         0         0         0 
dram[15]:         0         0         0         0         0         0         0         0         0         0         0         0         0         0         0         0 
dram[16]:         0         0         0         0         0         0         0         0         0         0         0         0         0         0         0         0 
dram[17]:         0         0         0         0         0         0         0         0         0         0         0         0         0         0         0         0 
dram[18]:         0         0         0         0         0         0         0         0         0         0         0         0         0         0         0         0 
dram[19]:         0         0         0         0         0         0         0         0         0         0         0         0         0         0         0         0 
dram[20]:         0         0         0         0         0         0         0         0         0         0         0         0         0         0         0         0 
dram[21]:         0         0         0         0         0         0         0         0         0         0         0         0         0         0         0         0 
dram[22]:         0         0         0         0         0         0         0         0         0         0         0         0         0         0         0         0 
dram[23]:         0         0         0         0         0         0         0         0         0         0         0         0         0         0         0         0 
total accesses: 0
min_bank_accesses = 0!
min_chip_accesses = 0!
number of total read accesses:
dram[0]:         0         0         0         0        16        16        28        28         0         0         0         0         0         0         0         0 
dram[1]:         0         0         0         0        16        16        28        28         0         0         0         0         0         0         0         0 
dram[2]:         0         0         0         0        16        16        28        28         0         0         0         0         0         0         0         0 
dram[3]:         0         0         0         0        16        16        28        28         0         0         0         0         0         0         0         0 
dram[4]:         0         0         0         0        16        16        28        28         0         0         0         0         0         0         0         0 
dram[5]:         0         0         0         0        16        16        28        28         0         0         0         0         0         0         0         0 
dram[6]:         0         0         0         0        16        16        28        28         0         0         0         0         0         0         0         0 
dram[7]:         0         0         0         0        16        16        28        28         0         0         0         0         0         0         0         0 
dram[8]:         0         0         0         0        16        16        28        28         0         0         0         0         0         0         0         0 
dram[9]:         0         0         0         0        16        16        28        28         0         0         0         0         0         0         0         0 
dram[10]:         0         0         0         0        16        16        28        28         0         0         0         0         0         0         0         0 
dram[11]:         0         0         0         0        16        16        28        28         0         0         0         0         0         0         0         0 
dram[12]:         0         0         0         0        16        16        28        28         0         0         0         0         0         0         0         0 
dram[13]:         0         0         0         0        16        16        28        28         0         0         0         0         0         0         0         0 
dram[14]:         0         0         0         0        16        16        28        28         0         0         0         0         0         0         0         0 
dram[15]:         0         0         0         0        16        16        28        28         0         0         0         0         0         0         0         0 
dram[16]:         0         0         0         0        16        16        28        28         0         0         0         0         0         0         0         0 
dram[17]:         0         0         0         0        16        16        28        24         0         0         0         0         0         0         0         0 
dram[18]:         0         0         0         0        16        16        24        24         0         0         0         0         0         0         0         0 
dram[19]:         0         0         0         0        16        16        24        24         0         0         0         0         0         0         0         0 
dram[20]:         0         0         0         0        16        16        24        24         0         0         0         0         0         0         0         0 
dram[21]:         0         0         0         0        16        16        24        24         0         0         0         0         0         0         0         0 
dram[22]:         0         0         0         0        16        16        24        24         0         0         0         0         0         0         0         0 
dram[23]:         0         0         0         0        16        16        24        24         0         0         0         0         0         0         0         0 
total dram reads = 2060
min_bank_accesses = 0!
chip skew: 88/80 = 1.10
number of total write accesses:
dram[0]:         0         0         0         0         0         0         0         0         0         0         0         0         0         0         0         0 
dram[1]:         0         0         0         0         0         0         0         0         0         0         0         0         0         0         0         0 
dram[2]:         0         0         0         0         0         0         0         0         0         0         0         0         0         0         0         0 
dram[3]:         0         0         0         0         0         0         0         0         0         0         0         0         0         0         0         0 
dram[4]:         0         0         0         0         0         0         0         0         0         0         0         0         0         0         0         0 
dram[5]:         0         0         0         0         0         0         0         0         0         0         0         0         0         0         0         0 
dram[6]:         0         0         0         0         0         0         0         0         0         0         0         0         0         0         0         0 
dram[7]:         0         0         0         0         0         0         0         0         0         0         0         0         0         0         0         0 
dram[8]:         0         0         0         0         0         0         0         0         0         0         0         0         0         0         0         0 
dram[9]:         0         0         0         0         0         0         0         0         0         0         0         0         0         0         0         0 
dram[10]:         0         0         0         0         0         0         0         0         0         0         0         0         0         0         0         0 
dram[11]:         0         0         0         0         0         0         0         0         0         0         0         0         0         0         0         0 
dram[12]:         0         0         0         0         0         0         0         0         0         0         0         0         0         0         0         0 
dram[13]:         0         0         0         0         0         0         0         0         0         0         0         0         0         0         0         0 
dram[14]:         0         0         0         0         0         0         0         0         0         0         0         0         0         0         0         0 
dram[15]:         0         0         0         0         0         0         0         0         0         0         0         0         0         0         0         0 
dram[16]:         0         0         0         0         0         0         0         0         0         0         0         0         0         0         0         0 
dram[17]:         0         0         0         0         0         0         0         0         0         0         0         0         0         0         0         0 
dram[18]:         0         0         0         0         0         0         0         0         0         0         0         0         0         0         0         0 
dram[19]:         0         0         0         0         0         0         0         0         0         0         0         0         0         0         0         0 
dram[20]:         0         0         0         0         0         0         0         0         0         0         0         0         0         0         0         0 
dram[21]:         0         0         0         0         0         0         0         0         0         0         0         0         0         0         0         0 
dram[22]:         0         0         0         0         0         0         0         0         0         0         0         0         0         0         0         0 
dram[23]:         0         0         0         0         0         0         0         0         0         0         0         0         0         0         0         0 
total dram writes = 0
min_bank_accesses = 0!
min_chip_accesses = 0!
average mf latency per bank:
dram[0]:     none      none      none      none         556       535       509       497    none      none      none      none      none      none      none      none  
dram[1]:     none      none      none      none         559       536       507       503    none      none      none      none      none      none      none      none  
dram[2]:     none      none      none      none         553       568       519       511    none      none      none      none      none      none      none      none  
dram[3]:     none      none      none      none         565       565       506       517    none      none      none      none      none      none      none      none  
dram[4]:     none      none      none      none         563       574       503       504    none      none      none      none      none      none      none      none  
dram[5]:     none      none      none      none         576       558       511       506    none      none      none      none      none      none      none      none  
dram[6]:     none      none      none      none         580       585       511       513    none      none      none      none      none      none      none      none  
dram[7]:     none      none      none      none         565       562       509       511    none      none      none      none      none      none      none      none  
dram[8]:     none      none      none      none         588       551       475       463    none      none      none      none      none      none      none      none  
dram[9]:     none      none      none      none         568       567       473       476    none      none      none      none      none      none      none      none  
dram[10]:     none      none      none      none         571       555       485       477    none      none      none      none      none      none      none      none  
dram[11]:     none      none      none      none         559       585       462       477    none      none      none      none      none      none      none      none  
dram[12]:     none      none      none      none         559       555       462       453    none      none      none      none      none      none      none      none  
dram[13]:     none      none      none      none         575       555       468       478    none      none      none      none      none      none      none      none  
dram[14]:     none      none      none      none         581       567       464       455    none      none      none      none      none      none      none      none  
dram[15]:     none      none      none      none         549       559       468       461    none      none      none      none      none      none      none      none  
dram[16]:     none      none      none      none         603       596       506       499    none      none      none      none      none      none      none      none  
dram[17]:     none      none      none      none         600       593       498       513    none      none      none      none      none      none      none      none  
dram[18]:     none      none      none      none         612       612       526       514    none      none      none      none      none      none      none      none  
dram[19]:     none      none      none      none         601       620       510       528    none      none      none      none      none      none      none      none  
dram[20]:     none      none      none      none         616       619       511       512    none      none      none      none      none      none      none      none  
dram[21]:     none      none      none      none         619       623       521       507    none      none      none      none      none      none      none      none  
dram[22]:     none      none      none      none         634       627       522       509    none      none      none      none      none      none      none      none  
dram[23]:     none      none      none      none         619       621       509       515    none      none      none      none      none      none      none      none  
maximum mf latency per bank:
dram[0]:          0         0         0         0       531       542       559       496         0         0         0         0         0         0         0         0
dram[1]:          0         0         0         0       545       511       567       548         0         0         0         0         0         0         0         0
dram[2]:          0         0         0         0       536       551       574       540         0         0         0         0         0         0         0         0
dram[3]:          0         0         0         0       550       552       530       536         0         0         0         0         0         0         0         0
dram[4]:          0         0         0         0       563       575       547       547         0         0         0         0         0         0         0         0
dram[5]:          0         0         0         0       572       595       533       552         0         0         0         0         0         0         0         0
dram[6]:          0         0         0         0       565       647       549       552         0         0         0         0         0         0         0         0
dram[7]:          0         0         0         0       551       552       557       546         0         0         0         0         0         0         0         0
dram[8]:          0         0         0         0       614       559       560       547         0         0         0         0         0         0         0         0
dram[9]:          0         0         0         0       578       594       567       550         0         0         0         0         0         0         0         0
dram[10]:          0         0         0         0       571       536       569       549         0         0         0         0         0         0         0         0
dram[11]:          0         0         0         0       552       597       521       530         0         0         0         0         0         0         0         0
dram[12]:          0         0         0         0       554       569       552       542         0         0         0         0         0         0         0         0
dram[13]:          0         0         0         0       578       552       516       556         0         0         0         0         0         0         0         0
dram[14]:          0         0         0         0       591       545       542       530         0         0         0         0         0         0         0         0
dram[15]:          0         0         0         0       529       534       552       541         0         0         0         0         0         0         0         0
dram[16]:          0         0         0         0       539       551       553       534         0         0         0         0         0         0         0         0
dram[17]:          0         0         0         0       537       516       540       553         0         0         0         0         0         0         0         0
dram[18]:          0         0         0         0       532       531       565       546         0         0         0         0         0         0         0         0
dram[19]:          0         0         0         0       545       546       518       535         0         0         0         0         0         0         0         0
dram[20]:          0         0         0         0       553       554       549       549         0         0         0         0         0         0         0         0
dram[21]:          0         0         0         0       532       567       519       549         0         0         0         0         0         0         0         0
dram[22]:          0         0         0         0       549       551       525       524         0         0         0         0         0         0         0         0
dram[23]:          0         0         0         0       546       540       528       544         0         0         0         0         0         0         0         0
Memory Partition 0: 
Cache L2_bank_000:
MSHR contents

Cache L2_bank_001:
MSHR contents

In Dram Latency Queue (total = 0): 
DRAM[0]: 16 bks, busW=16 BL=2 CL=19, tRRD=5 tCCD=1, tRCD=17 tRAS=45 tRP=19 tRC=64
n_cmd=44136 n_nop=44044 n_act=4 n_pre=0 n_ref_event=0 n_req=88 n_rd=88 n_rd_L2_A=0 n_write=0 n_wr_bk=0 bw_util=0.001994
n_activity=815 dram_eff=0.108
bk0: 0a 44136i bk1: 0a 44136i bk2: 0a 44136i bk3: 0a 44136i bk4: 16a 44111i bk5: 16a 44099i bk6: 28a 44101i bk7: 28a 44089i bk8: 0a 44136i bk9: 0a 44136i bk10: 0a 44136i bk11: 0a 44136i bk12: 0a 44136i bk13: 0a 44136i bk14: 0a 44136i bk15: 0a 44136i 

------------------------------------------------------------------------

Row_Buffer_Locality = 0.954545
Row_Buffer_Locality_read = 0.954545
Row_Buffer_Locality_write = -nan
Bank_Level_Parallism = 1.008696
Bank_Level_Parallism_Col = 1.008850
Bank_Level_Parallism_Ready = 1.000000
write_to_read_ratio_blp_rw_average = 0.000000
GrpLevelPara = 1.008850 

BW Util details:
bwutil = 0.001994 
total_CMD = 44136 
util_bw = 88 
Wasted_Col = 142 
Wasted_Row = 0 
Idle = 43906 

BW Util Bottlenecks: 
RCDc_limit = 68 
RCDWRc_limit = 0 
WTRc_limit = 0 
RTWc_limit = 0 
CCDLc_limit = 74 
rwq = 0 
CCDLc_limit_alone = 74 
WTRc_limit_alone = 0 
RTWc_limit_alone = 0 

Commands details: 
total_CMD = 44136 
n_nop = 44044 
Read = 88 
Write = 0 
L2_Alloc = 0 
L2_WB = 0 
n_act = 4 
n_pre = 0 
n_ref = 0 
n_req = 88 
total_req = 88 

Dual Bus Interface Util: 
issued_total_row = 4 
issued_total_col = 88 
Row_Bus_Util =  0.000091 
CoL_Bus_Util = 0.001994 
Either_Row_CoL_Bus_Util = 0.002084 
Issued_on_Two_Bus_Simul_Util = 0.000000 
issued_two_Eff = 0.000000 
queue_avg = 0.006865 


dram_util_bins: 0 0 0 0 0 0 0 0 0 0
dram_eff_bins: 0 0 0 0 0 0 0 0 0 0
mrqq: max=7 avg=0.00686514
Memory Partition 1: 
Cache L2_bank_002:
MSHR contents

Cache L2_bank_003:
MSHR contents

In Dram Latency Queue (total = 0): 
DRAM[1]: 16 bks, busW=16 BL=2 CL=19, tRRD=5 tCCD=1, tRCD=17 tRAS=45 tRP=19 tRC=64
n_cmd=44136 n_nop=44044 n_act=4 n_pre=0 n_ref_event=0 n_req=88 n_rd=88 n_rd_L2_A=0 n_write=0 n_wr_bk=0 bw_util=0.001994
n_activity=746 dram_eff=0.118
bk0: 0a 44136i bk1: 0a 44136i bk2: 0a 44136i bk3: 0a 44136i bk4: 16a 44111i bk5: 16a 44105i bk6: 28a 44105i bk7: 28a 44107i bk8: 0a 44136i bk9: 0a 44136i bk10: 0a 44136i bk11: 0a 44136i bk12: 0a 44136i bk13: 0a 44136i bk14: 0a 44136i bk15: 0a 44136i 

------------------------------------------------------------------------

Row_Buffer_Locality = 0.954545
Row_Buffer_Locality_read = 0.954545
Row_Buffer_Locality_write = -nan
Bank_Level_Parallism = 1.090909
Bank_Level_Parallism_Col = 1.086957
Bank_Level_Parallism_Ready = 1.000000
write_to_read_ratio_blp_rw_average = 0.000000
GrpLevelPara = 1.086957 

BW Util details:
bwutil = 0.001994 
total_CMD = 44136 
util_bw = 88 
Wasted_Col = 99 
Wasted_Row = 0 
Idle = 43949 

BW Util Bottlenecks: 
RCDc_limit = 62 
RCDWRc_limit = 0 
WTRc_limit = 0 
RTWc_limit = 0 
CCDLc_limit = 48 
rwq = 0 
CCDLc_limit_alone = 48 
WTRc_limit_alone = 0 
RTWc_limit_alone = 0 

Commands details: 
total_CMD = 44136 
n_nop = 44044 
Read = 88 
Write = 0 
L2_Alloc = 0 
L2_WB = 0 
n_act = 4 
n_pre = 0 
n_ref = 0 
n_req = 88 
total_req = 88 

Dual Bus Interface Util: 
issued_total_row = 4 
issued_total_col = 88 
Row_Bus_Util =  0.000091 
CoL_Bus_Util = 0.001994 
Either_Row_CoL_Bus_Util = 0.002084 
Issued_on_Two_Bus_Simul_Util = 0.000000 
issued_two_Eff = 0.000000 
queue_avg = 0.007205 


dram_util_bins: 0 0 0 0 0 0 0 0 0 0
dram_eff_bins: 0 0 0 0 0 0 0 0 0 0
mrqq: max=7 avg=0.007205
Memory Partition 2: 
Cache L2_bank_004:
MSHR contents

Cache L2_bank_005:
MSHR contents

In Dram Latency Queue (total = 0): 
DRAM[2]: 16 bks, busW=16 BL=2 CL=19, tRRD=5 tCCD=1, tRCD=17 tRAS=45 tRP=19 tRC=64
n_cmd=44136 n_nop=44045 n_act=4 n_pre=0 n_ref_event=0 n_req=88 n_rd=88 n_rd_L2_A=0 n_write=0 n_wr_bk=0 bw_util=0.001994
n_activity=866 dram_eff=0.1016
bk0: 0a 44136i bk1: 0a 44136i bk2: 0a 44136i bk3: 0a 44136i bk4: 16a 44107i bk5: 16a 44109i bk6: 28a 44110i bk7: 28a 44107i bk8: 0a 44136i bk9: 0a 44136i bk10: 0a 44136i bk11: 0a 44136i bk12: 0a 44136i bk13: 0a 44136i bk14: 0a 44136i bk15: 0a 44136i 

------------------------------------------------------------------------

Row_Buffer_Locality = 0.954545
Row_Buffer_Locality_read = 0.954545
Row_Buffer_Locality_write = -nan
Bank_Level_Parallism = 1.087432
Bank_Level_Parallism_Col = 1.083333
Bank_Level_Parallism_Ready = 1.000000
write_to_read_ratio_blp_rw_average = 0.000000
GrpLevelPara = 1.083333 

BW Util details:
bwutil = 0.001994 
total_CMD = 44136 
util_bw = 88 
Wasted_Col = 95 
Wasted_Row = 0 
Idle = 43953 

BW Util Bottlenecks: 
RCDc_limit = 62 
RCDWRc_limit = 0 
WTRc_limit = 0 
RTWc_limit = 0 
CCDLc_limit = 43 
rwq = 0 
CCDLc_limit_alone = 43 
WTRc_limit_alone = 0 
RTWc_limit_alone = 0 

Commands details: 
total_CMD = 44136 
n_nop = 44045 
Read = 88 
Write = 0 
L2_Alloc = 0 
L2_WB = 0 
n_act = 4 
n_pre = 0 
n_ref = 0 
n_req = 88 
total_req = 88 

Dual Bus Interface Util: 
issued_total_row = 4 
issued_total_col = 88 
Row_Bus_Util =  0.000091 
CoL_Bus_Util = 0.001994 
Either_Row_CoL_Bus_Util = 0.002062 
Issued_on_Two_Bus_Simul_Util = 0.000023 
issued_two_Eff = 0.010989 
queue_avg = 0.005483 


dram_util_bins: 0 0 0 0 0 0 0 0 0 0
dram_eff_bins: 0 0 0 0 0 0 0 0 0 0
mrqq: max=5 avg=0.00548305
Memory Partition 3: 
Cache L2_bank_006:
MSHR contents

Cache L2_bank_007:
MSHR contents

In Dram Latency Queue (total = 0): 
DRAM[3]: 16 bks, busW=16 BL=2 CL=19, tRRD=5 tCCD=1, tRCD=17 tRAS=45 tRP=19 tRC=64
n_cmd=44136 n_nop=44044 n_act=4 n_pre=0 n_ref_event=0 n_req=88 n_rd=88 n_rd_L2_A=0 n_write=0 n_wr_bk=0 bw_util=0.001994
n_activity=706 dram_eff=0.1246
bk0: 0a 44136i bk1: 0a 44136i bk2: 0a 44136i bk3: 0a 44136i bk4: 16a 44102i bk5: 16a 44110i bk6: 28a 44102i bk7: 28a 44113i bk8: 0a 44136i bk9: 0a 44136i bk10: 0a 44136i bk11: 0a 44136i bk12: 0a 44136i bk13: 0a 44136i bk14: 0a 44136i bk15: 0a 44136i 

------------------------------------------------------------------------

Row_Buffer_Locality = 0.954545
Row_Buffer_Locality_read = 0.954545
Row_Buffer_Locality_write = -nan
Bank_Level_Parallism = 1.019900
Bank_Level_Parallism_Col = 1.020305
Bank_Level_Parallism_Ready = 1.022727
write_to_read_ratio_blp_rw_average = 0.000000
GrpLevelPara = 1.020305 

BW Util details:
bwutil = 0.001994 
total_CMD = 44136 
util_bw = 88 
Wasted_Col = 113 
Wasted_Row = 0 
Idle = 43935 

BW Util Bottlenecks: 
RCDc_limit = 68 
RCDWRc_limit = 0 
WTRc_limit = 0 
RTWc_limit = 0 
CCDLc_limit = 45 
rwq = 0 
CCDLc_limit_alone = 45 
WTRc_limit_alone = 0 
RTWc_limit_alone = 0 

Commands details: 
total_CMD = 44136 
n_nop = 44044 
Read = 88 
Write = 0 
L2_Alloc = 0 
L2_WB = 0 
n_act = 4 
n_pre = 0 
n_ref = 0 
n_req = 88 
total_req = 88 

Dual Bus Interface Util: 
issued_total_row = 4 
issued_total_col = 88 
Row_Bus_Util =  0.000091 
CoL_Bus_Util = 0.001994 
Either_Row_CoL_Bus_Util = 0.002084 
Issued_on_Two_Bus_Simul_Util = 0.000000 
issued_two_Eff = 0.000000 
queue_avg = 0.004214 


dram_util_bins: 0 0 0 0 0 0 0 0 0 0
dram_eff_bins: 0 0 0 0 0 0 0 0 0 0
mrqq: max=5 avg=0.00421425
Memory Partition 4: 
Cache L2_bank_008:
MSHR contents

Cache L2_bank_009:
MSHR contents

In Dram Latency Queue (total = 0): 
DRAM[4]: 16 bks, busW=16 BL=2 CL=19, tRRD=5 tCCD=1, tRCD=17 tRAS=45 tRP=19 tRC=64
n_cmd=44136 n_nop=44044 n_act=4 n_pre=0 n_ref_event=0 n_req=88 n_rd=88 n_rd_L2_A=0 n_write=0 n_wr_bk=0 bw_util=0.001994
n_activity=875 dram_eff=0.1006
bk0: 0a 44136i bk1: 0a 44136i bk2: 0a 44136i bk3: 0a 44136i bk4: 16a 44111i bk5: 16a 44111i bk6: 28a 44107i bk7: 28a 44096i bk8: 0a 44136i bk9: 0a 44136i bk10: 0a 44136i bk11: 0a 44136i bk12: 0a 44136i bk13: 0a 44136i bk14: 0a 44136i bk15: 0a 44136i 

------------------------------------------------------------------------

Row_Buffer_Locality = 0.954545
Row_Buffer_Locality_read = 0.954545
Row_Buffer_Locality_write = -nan
Bank_Level_Parallism = 1.009756
Bank_Level_Parallism_Col = 1.009950
Bank_Level_Parallism_Ready = 1.011364
write_to_read_ratio_blp_rw_average = 0.000000
GrpLevelPara = 1.009950 

BW Util details:
bwutil = 0.001994 
total_CMD = 44136 
util_bw = 88 
Wasted_Col = 117 
Wasted_Row = 0 
Idle = 43931 

BW Util Bottlenecks: 
RCDc_limit = 67 
RCDWRc_limit = 0 
WTRc_limit = 0 
RTWc_limit = 0 
CCDLc_limit = 50 
rwq = 0 
CCDLc_limit_alone = 50 
WTRc_limit_alone = 0 
RTWc_limit_alone = 0 

Commands details: 
total_CMD = 44136 
n_nop = 44044 
Read = 88 
Write = 0 
L2_Alloc = 0 
L2_WB = 0 
n_act = 4 
n_pre = 0 
n_ref = 0 
n_req = 88 
total_req = 88 

Dual Bus Interface Util: 
issued_total_row = 4 
issued_total_col = 88 
Row_Bus_Util =  0.000091 
CoL_Bus_Util = 0.001994 
Either_Row_CoL_Bus_Util = 0.002084 
Issued_on_Two_Bus_Simul_Util = 0.000000 
issued_two_Eff = 0.000000 
queue_avg = 0.003897 


dram_util_bins: 0 0 0 0 0 0 0 0 0 0
dram_eff_bins: 0 0 0 0 0 0 0 0 0 0
mrqq: max=4 avg=0.00389705
Memory Partition 5: 
Cache L2_bank_010:
MSHR contents

Cache L2_bank_011:
MSHR contents

In Dram Latency Queue (total = 0): 
DRAM[5]: 16 bks, busW=16 BL=2 CL=19, tRRD=5 tCCD=1, tRCD=17 tRAS=45 tRP=19 tRC=64
n_cmd=44136 n_nop=44044 n_act=4 n_pre=0 n_ref_event=0 n_req=88 n_rd=88 n_rd_L2_A=0 n_write=0 n_wr_bk=0 bw_util=0.001994
n_activity=760 dram_eff=0.1158
bk0: 0a 44136i bk1: 0a 44136i bk2: 0a 44136i bk3: 0a 44136i bk4: 16a 44105i bk5: 16a 44106i bk6: 28a 44109i bk7: 28a 44107i bk8: 0a 44136i bk9: 0a 44136i bk10: 0a 44136i bk11: 0a 44136i bk12: 0a 44136i bk13: 0a 44136i bk14: 0a 44136i bk15: 0a 44136i 

------------------------------------------------------------------------

Row_Buffer_Locality = 0.954545
Row_Buffer_Locality_read = 0.954545
Row_Buffer_Locality_write = -nan
Bank_Level_Parallism = 1.114130
Bank_Level_Parallism_Col = 1.110497
Bank_Level_Parallism_Ready = 1.000000
write_to_read_ratio_blp_rw_average = 0.000000
GrpLevelPara = 1.110497 

BW Util details:
bwutil = 0.001994 
total_CMD = 44136 
util_bw = 88 
Wasted_Col = 96 
Wasted_Row = 0 
Idle = 43952 

BW Util Bottlenecks: 
RCDc_limit = 64 
RCDWRc_limit = 0 
WTRc_limit = 0 
RTWc_limit = 0 
CCDLc_limit = 47 
rwq = 0 
CCDLc_limit_alone = 47 
WTRc_limit_alone = 0 
RTWc_limit_alone = 0 

Commands details: 
total_CMD = 44136 
n_nop = 44044 
Read = 88 
Write = 0 
L2_Alloc = 0 
L2_WB = 0 
n_act = 4 
n_pre = 0 
n_ref = 0 
n_req = 88 
total_req = 88 

Dual Bus Interface Util: 
issued_total_row = 4 
issued_total_col = 88 
Row_Bus_Util =  0.000091 
CoL_Bus_Util = 0.001994 
Either_Row_CoL_Bus_Util = 0.002084 
Issued_on_Two_Bus_Simul_Util = 0.000000 
issued_two_Eff = 0.000000 
queue_avg = 0.005528 


dram_util_bins: 0 0 0 0 0 0 0 0 0 0
dram_eff_bins: 0 0 0 0 0 0 0 0 0 0
mrqq: max=5 avg=0.00552837
Memory Partition 6: 
Cache L2_bank_012:
MSHR contents

Cache L2_bank_013:
MSHR contents

In Dram Latency Queue (total = 0): 
DRAM[6]: 16 bks, busW=16 BL=2 CL=19, tRRD=5 tCCD=1, tRCD=17 tRAS=45 tRP=19 tRC=64
n_cmd=44136 n_nop=44045 n_act=4 n_pre=0 n_ref_event=0 n_req=88 n_rd=88 n_rd_L2_A=0 n_write=0 n_wr_bk=0 bw_util=0.001994
n_activity=812 dram_eff=0.1084
bk0: 0a 44136i bk1: 0a 44136i bk2: 0a 44136i bk3: 0a 44136i bk4: 16a 44113i bk5: 16a 44109i bk6: 28a 44108i bk7: 28a 44109i bk8: 0a 44136i bk9: 0a 44136i bk10: 0a 44136i bk11: 0a 44136i bk12: 0a 44136i bk13: 0a 44136i bk14: 0a 44136i bk15: 0a 44136i 

------------------------------------------------------------------------

Row_Buffer_Locality = 0.954545
Row_Buffer_Locality_read = 0.954545
Row_Buffer_Locality_write = -nan
Bank_Level_Parallism = 1.043243
Bank_Level_Parallism_Col = 1.038462
Bank_Level_Parallism_Ready = 1.000000
write_to_read_ratio_blp_rw_average = 0.000000
GrpLevelPara = 1.038462 

BW Util details:
bwutil = 0.001994 
total_CMD = 44136 
util_bw = 88 
Wasted_Col = 97 
Wasted_Row = 0 
Idle = 43951 

BW Util Bottlenecks: 
RCDc_limit = 64 
RCDWRc_limit = 0 
WTRc_limit = 0 
RTWc_limit = 0 
CCDLc_limit = 37 
rwq = 0 
CCDLc_limit_alone = 37 
WTRc_limit_alone = 0 
RTWc_limit_alone = 0 

Commands details: 
total_CMD = 44136 
n_nop = 44045 
Read = 88 
Write = 0 
L2_Alloc = 0 
L2_WB = 0 
n_act = 4 
n_pre = 0 
n_ref = 0 
n_req = 88 
total_req = 88 

Dual Bus Interface Util: 
issued_total_row = 4 
issued_total_col = 88 
Row_Bus_Util =  0.000091 
CoL_Bus_Util = 0.001994 
Either_Row_CoL_Bus_Util = 0.002062 
Issued_on_Two_Bus_Simul_Util = 0.000023 
issued_two_Eff = 0.010989 
queue_avg = 0.003738 


dram_util_bins: 0 0 0 0 0 0 0 0 0 0
dram_eff_bins: 0 0 0 0 0 0 0 0 0 0
mrqq: max=5 avg=0.00373844
Memory Partition 7: 
Cache L2_bank_014:
MSHR contents

Cache L2_bank_015:
MSHR contents

In Dram Latency Queue (total = 0): 
DRAM[7]: 16 bks, busW=16 BL=2 CL=19, tRRD=5 tCCD=1, tRCD=17 tRAS=45 tRP=19 tRC=64
n_cmd=44136 n_nop=44044 n_act=4 n_pre=0 n_ref_event=0 n_req=88 n_rd=88 n_rd_L2_A=0 n_write=0 n_wr_bk=0 bw_util=0.001994
n_activity=837 dram_eff=0.1051
bk0: 0a 44136i bk1: 0a 44136i bk2: 0a 44136i bk3: 0a 44136i bk4: 16a 44106i bk5: 16a 44113i bk6: 28a 44098i bk7: 28a 44100i bk8: 0a 44136i bk9: 0a 44136i bk10: 0a 44136i bk11: 0a 44136i bk12: 0a 44136i bk13: 0a 44136i bk14: 0a 44136i bk15: 0a 44136i 

------------------------------------------------------------------------

Row_Buffer_Locality = 0.954545
Row_Buffer_Locality_read = 0.954545
Row_Buffer_Locality_write = -nan
Bank_Level_Parallism = 1.000000
Bank_Level_Parallism_Col = 1.000000
Bank_Level_Parallism_Ready = 1.000000
write_to_read_ratio_blp_rw_average = 0.000000
GrpLevelPara = 1.000000 

BW Util details:
bwutil = 0.001994 
total_CMD = 44136 
util_bw = 88 
Wasted_Col = 127 
Wasted_Row = 0 
Idle = 43921 

BW Util Bottlenecks: 
RCDc_limit = 68 
RCDWRc_limit = 0 
WTRc_limit = 0 
RTWc_limit = 0 
CCDLc_limit = 59 
rwq = 0 
CCDLc_limit_alone = 59 
WTRc_limit_alone = 0 
RTWc_limit_alone = 0 

Commands details: 
total_CMD = 44136 
n_nop = 44044 
Read = 88 
Write = 0 
L2_Alloc = 0 
L2_WB = 0 
n_act = 4 
n_pre = 0 
n_ref = 0 
n_req = 88 
total_req = 88 

Dual Bus Interface Util: 
issued_total_row = 4 
issued_total_col = 88 
Row_Bus_Util =  0.000091 
CoL_Bus_Util = 0.001994 
Either_Row_CoL_Bus_Util = 0.002084 
Issued_on_Two_Bus_Simul_Util = 0.000000 
issued_two_Eff = 0.000000 
queue_avg = 0.003693 


dram_util_bins: 0 0 0 0 0 0 0 0 0 0
dram_eff_bins: 0 0 0 0 0 0 0 0 0 0
mrqq: max=4 avg=0.00369313
Memory Partition 8: 
Cache L2_bank_016:
MSHR contents

Cache L2_bank_017:
MSHR contents

In Dram Latency Queue (total = 0): 
DRAM[8]: 16 bks, busW=16 BL=2 CL=19, tRRD=5 tCCD=1, tRCD=17 tRAS=45 tRP=19 tRC=64
n_cmd=44136 n_nop=44044 n_act=4 n_pre=0 n_ref_event=0 n_req=88 n_rd=88 n_rd_L2_A=0 n_write=0 n_wr_bk=0 bw_util=0.001994
n_activity=864 dram_eff=0.1019
bk0: 0a 44136i bk1: 0a 44136i bk2: 0a 44136i bk3: 0a 44136i bk4: 16a 44112i bk5: 16a 44110i bk6: 28a 44111i bk7: 28a 44105i bk8: 0a 44136i bk9: 0a 44136i bk10: 0a 44136i bk11: 0a 44136i bk12: 0a 44136i bk13: 0a 44136i bk14: 0a 44136i bk15: 0a 44136i 

------------------------------------------------------------------------

Row_Buffer_Locality = 0.954545
Row_Buffer_Locality_read = 0.954545
Row_Buffer_Locality_write = -nan
Bank_Level_Parallism = 1.000000
Bank_Level_Parallism_Col = 1.000000
Bank_Level_Parallism_Ready = 1.000000
write_to_read_ratio_blp_rw_average = 0.000000
GrpLevelPara = 1.000000 

BW Util details:
bwutil = 0.001994 
total_CMD = 44136 
util_bw = 88 
Wasted_Col = 106 
Wasted_Row = 0 
Idle = 43942 

BW Util Bottlenecks: 
RCDc_limit = 68 
RCDWRc_limit = 0 
WTRc_limit = 0 
RTWc_limit = 0 
CCDLc_limit = 38 
rwq = 0 
CCDLc_limit_alone = 38 
WTRc_limit_alone = 0 
RTWc_limit_alone = 0 

Commands details: 
total_CMD = 44136 
n_nop = 44044 
Read = 88 
Write = 0 
L2_Alloc = 0 
L2_WB = 0 
n_act = 4 
n_pre = 0 
n_ref = 0 
n_req = 88 
total_req = 88 

Dual Bus Interface Util: 
issued_total_row = 4 
issued_total_col = 88 
Row_Bus_Util =  0.000091 
CoL_Bus_Util = 0.001994 
Either_Row_CoL_Bus_Util = 0.002084 
Issued_on_Two_Bus_Simul_Util = 0.000000 
issued_two_Eff = 0.000000 
queue_avg = 0.003172 


dram_util_bins: 0 0 0 0 0 0 0 0 0 0
dram_eff_bins: 0 0 0 0 0 0 0 0 0 0
mrqq: max=3 avg=0.00317201
Memory Partition 9: 
Cache L2_bank_018:
MSHR contents

Cache L2_bank_019:
MSHR contents

In Dram Latency Queue (total = 0): 
DRAM[9]: 16 bks, busW=16 BL=2 CL=19, tRRD=5 tCCD=1, tRCD=17 tRAS=45 tRP=19 tRC=64
n_cmd=44136 n_nop=44044 n_act=4 n_pre=0 n_ref_event=0 n_req=88 n_rd=88 n_rd_L2_A=0 n_write=0 n_wr_bk=0 bw_util=0.001994
n_activity=714 dram_eff=0.1232
bk0: 0a 44136i bk1: 0a 44136i bk2: 0a 44136i bk3: 0a 44136i bk4: 16a 44111i bk5: 16a 44105i bk6: 28a 44104i bk7: 28a 44108i bk8: 0a 44136i bk9: 0a 44136i bk10: 0a 44136i bk11: 0a 44136i bk12: 0a 44136i bk13: 0a 44136i bk14: 0a 44136i bk15: 0a 44136i 

------------------------------------------------------------------------

Row_Buffer_Locality = 0.954545
Row_Buffer_Locality_read = 0.954545
Row_Buffer_Locality_write = -nan
Bank_Level_Parallism = 1.051546
Bank_Level_Parallism_Col = 1.052632
Bank_Level_Parallism_Ready = 1.000000
write_to_read_ratio_blp_rw_average = 0.000000
GrpLevelPara = 1.052632 

BW Util details:
bwutil = 0.001994 
total_CMD = 44136 
util_bw = 88 
Wasted_Col = 106 
Wasted_Row = 0 
Idle = 43942 

BW Util Bottlenecks: 
RCDc_limit = 64 
RCDWRc_limit = 0 
WTRc_limit = 0 
RTWc_limit = 0 
CCDLc_limit = 47 
rwq = 0 
CCDLc_limit_alone = 47 
WTRc_limit_alone = 0 
RTWc_limit_alone = 0 

Commands details: 
total_CMD = 44136 
n_nop = 44044 
Read = 88 
Write = 0 
L2_Alloc = 0 
L2_WB = 0 
n_act = 4 
n_pre = 0 
n_ref = 0 
n_req = 88 
total_req = 88 

Dual Bus Interface Util: 
issued_total_row = 4 
issued_total_col = 88 
Row_Bus_Util =  0.000091 
CoL_Bus_Util = 0.001994 
Either_Row_CoL_Bus_Util = 0.002084 
Issued_on_Two_Bus_Simul_Util = 0.000000 
issued_two_Eff = 0.000000 
queue_avg = 0.003285 


dram_util_bins: 0 0 0 0 0 0 0 0 0 0
dram_eff_bins: 0 0 0 0 0 0 0 0 0 0
mrqq: max=3 avg=0.0032853
Memory Partition 10: 
Cache L2_bank_020:
MSHR contents

Cache L2_bank_021:
MSHR contents

In Dram Latency Queue (total = 0): 
DRAM[10]: 16 bks, busW=16 BL=2 CL=19, tRRD=5 tCCD=1, tRCD=17 tRAS=45 tRP=19 tRC=64
n_cmd=44136 n_nop=44044 n_act=4 n_pre=0 n_ref_event=0 n_req=88 n_rd=88 n_rd_L2_A=0 n_write=0 n_wr_bk=0 bw_util=0.001994
n_activity=861 dram_eff=0.1022
bk0: 0a 44136i bk1: 0a 44136i bk2: 0a 44136i bk3: 0a 44136i bk4: 16a 44103i bk5: 16a 44110i bk6: 28a 44111i bk7: 28a 44096i bk8: 0a 44136i bk9: 0a 44136i bk10: 0a 44136i bk11: 0a 44136i bk12: 0a 44136i bk13: 0a 44136i bk14: 0a 44136i bk15: 0a 44136i 

------------------------------------------------------------------------

Row_Buffer_Locality = 0.954545
Row_Buffer_Locality_read = 0.954545
Row_Buffer_Locality_write = -nan
Bank_Level_Parallism = 1.049505
Bank_Level_Parallism_Col = 1.045226
Bank_Level_Parallism_Ready = 1.000000
write_to_read_ratio_blp_rw_average = 0.000000
GrpLevelPara = 1.045226 

BW Util details:
bwutil = 0.001994 
total_CMD = 44136 
util_bw = 88 
Wasted_Col = 114 
Wasted_Row = 0 
Idle = 43934 

BW Util Bottlenecks: 
RCDc_limit = 65 
RCDWRc_limit = 0 
WTRc_limit = 0 
RTWc_limit = 0 
CCDLc_limit = 56 
rwq = 0 
CCDLc_limit_alone = 56 
WTRc_limit_alone = 0 
RTWc_limit_alone = 0 

Commands details: 
total_CMD = 44136 
n_nop = 44044 
Read = 88 
Write = 0 
L2_Alloc = 0 
L2_WB = 0 
n_act = 4 
n_pre = 0 
n_ref = 0 
n_req = 88 
total_req = 88 

Dual Bus Interface Util: 
issued_total_row = 4 
issued_total_col = 88 
Row_Bus_Util =  0.000091 
CoL_Bus_Util = 0.001994 
Either_Row_CoL_Bus_Util = 0.002084 
Issued_on_Two_Bus_Simul_Util = 0.000000 
issued_two_Eff = 0.000000 
queue_avg = 0.001790 


dram_util_bins: 0 0 0 0 0 0 0 0 0 0
dram_eff_bins: 0 0 0 0 0 0 0 0 0 0
mrqq: max=2 avg=0.00178992
Memory Partition 11: 
Cache L2_bank_022:
MSHR contents

Cache L2_bank_023:
MSHR contents

In Dram Latency Queue (total = 0): 
DRAM[11]: 16 bks, busW=16 BL=2 CL=19, tRRD=5 tCCD=1, tRCD=17 tRAS=45 tRP=19 tRC=64
n_cmd=44136 n_nop=44044 n_act=4 n_pre=0 n_ref_event=0 n_req=88 n_rd=88 n_rd_L2_A=0 n_write=0 n_wr_bk=0 bw_util=0.001994
n_activity=776 dram_eff=0.1134
bk0: 0a 44136i bk1: 0a 44136i bk2: 0a 44136i bk3: 0a 44136i bk4: 16a 44115i bk5: 16a 44117i bk6: 28a 44100i bk7: 28a 44115i bk8: 0a 44136i bk9: 0a 44136i bk10: 0a 44136i bk11: 0a 44136i bk12: 0a 44136i bk13: 0a 44136i bk14: 0a 44136i bk15: 0a 44136i 

------------------------------------------------------------------------

Row_Buffer_Locality = 0.954545
Row_Buffer_Locality_read = 0.954545
Row_Buffer_Locality_write = -nan
Bank_Level_Parallism = 1.000000
Bank_Level_Parallism_Col = 1.000000
Bank_Level_Parallism_Ready = 1.000000
write_to_read_ratio_blp_rw_average = 0.000000
GrpLevelPara = 1.000000 

BW Util details:
bwutil = 0.001994 
total_CMD = 44136 
util_bw = 88 
Wasted_Col = 97 
Wasted_Row = 0 
Idle = 43951 

BW Util Bottlenecks: 
RCDc_limit = 68 
RCDWRc_limit = 0 
WTRc_limit = 0 
RTWc_limit = 0 
CCDLc_limit = 29 
rwq = 0 
CCDLc_limit_alone = 29 
WTRc_limit_alone = 0 
RTWc_limit_alone = 0 

Commands details: 
total_CMD = 44136 
n_nop = 44044 
Read = 88 
Write = 0 
L2_Alloc = 0 
L2_WB = 0 
n_act = 4 
n_pre = 0 
n_ref = 0 
n_req = 88 
total_req = 88 

Dual Bus Interface Util: 
issued_total_row = 4 
issued_total_col = 88 
Row_Bus_Util =  0.000091 
CoL_Bus_Util = 0.001994 
Either_Row_CoL_Bus_Util = 0.002084 
Issued_on_Two_Bus_Simul_Util = 0.000000 
issued_two_Eff = 0.000000 
queue_avg = 0.002696 


dram_util_bins: 0 0 0 0 0 0 0 0 0 0
dram_eff_bins: 0 0 0 0 0 0 0 0 0 0
mrqq: max=3 avg=0.00269621
Memory Partition 12: 
Cache L2_bank_024:
MSHR contents

Cache L2_bank_025:
MSHR contents

In Dram Latency Queue (total = 0): 
DRAM[12]: 16 bks, busW=16 BL=2 CL=19, tRRD=5 tCCD=1, tRCD=17 tRAS=45 tRP=19 tRC=64
n_cmd=44136 n_nop=44044 n_act=4 n_pre=0 n_ref_event=0 n_req=88 n_rd=88 n_rd_L2_A=0 n_write=0 n_wr_bk=0 bw_util=0.001994
n_activity=825 dram_eff=0.1067
bk0: 0a 44136i bk1: 0a 44136i bk2: 0a 44136i bk3: 0a 44136i bk4: 16a 44108i bk5: 16a 44111i bk6: 28a 44091i bk7: 28a 44090i bk8: 0a 44136i bk9: 0a 44136i bk10: 0a 44136i bk11: 0a 44136i bk12: 0a 44136i bk13: 0a 44136i bk14: 0a 44136i bk15: 0a 44136i 

------------------------------------------------------------------------

Row_Buffer_Locality = 0.954545
Row_Buffer_Locality_read = 0.954545
Row_Buffer_Locality_write = -nan
Bank_Level_Parallism = 1.000000
Bank_Level_Parallism_Col = 1.000000
Bank_Level_Parallism_Ready = 1.000000
write_to_read_ratio_blp_rw_average = 0.000000
GrpLevelPara = 1.000000 

BW Util details:
bwutil = 0.001994 
total_CMD = 44136 
util_bw = 88 
Wasted_Col = 144 
Wasted_Row = 0 
Idle = 43904 

BW Util Bottlenecks: 
RCDc_limit = 68 
RCDWRc_limit = 0 
WTRc_limit = 0 
RTWc_limit = 0 
CCDLc_limit = 76 
rwq = 0 
CCDLc_limit_alone = 76 
WTRc_limit_alone = 0 
RTWc_limit_alone = 0 

Commands details: 
total_CMD = 44136 
n_nop = 44044 
Read = 88 
Write = 0 
L2_Alloc = 0 
L2_WB = 0 
n_act = 4 
n_pre = 0 
n_ref = 0 
n_req = 88 
total_req = 88 

Dual Bus Interface Util: 
issued_total_row = 4 
issued_total_col = 88 
Row_Bus_Util =  0.000091 
CoL_Bus_Util = 0.001994 
Either_Row_CoL_Bus_Util = 0.002084 
Issued_on_Two_Bus_Simul_Util = 0.000000 
issued_two_Eff = 0.000000 
queue_avg = 0.002175 


dram_util_bins: 0 0 0 0 0 0 0 0 0 0
dram_eff_bins: 0 0 0 0 0 0 0 0 0 0
mrqq: max=2 avg=0.0021751
Memory Partition 13: 
Cache L2_bank_026:
MSHR contents

Cache L2_bank_027:
MSHR contents

In Dram Latency Queue (total = 0): 
DRAM[13]: 16 bks, busW=16 BL=2 CL=19, tRRD=5 tCCD=1, tRCD=17 tRAS=45 tRP=19 tRC=64
n_cmd=44136 n_nop=44044 n_act=4 n_pre=0 n_ref_event=0 n_req=88 n_rd=88 n_rd_L2_A=0 n_write=0 n_wr_bk=0 bw_util=0.001994
n_activity=794 dram_eff=0.1108
bk0: 0a 44136i bk1: 0a 44136i bk2: 0a 44136i bk3: 0a 44136i bk4: 16a 44113i bk5: 16a 44111i bk6: 28a 44110i bk7: 28a 44093i bk8: 0a 44136i bk9: 0a 44136i bk10: 0a 44136i bk11: 0a 44136i bk12: 0a 44136i bk13: 0a 44136i bk14: 0a 44136i bk15: 0a 44136i 

------------------------------------------------------------------------

Row_Buffer_Locality = 0.954545
Row_Buffer_Locality_read = 0.954545
Row_Buffer_Locality_write = -nan
Bank_Level_Parallism = 1.019900
Bank_Level_Parallism_Col = 1.020305
Bank_Level_Parallism_Ready = 1.011364
write_to_read_ratio_blp_rw_average = 0.000000
GrpLevelPara = 1.020305 

BW Util details:
bwutil = 0.001994 
total_CMD = 44136 
util_bw = 88 
Wasted_Col = 113 
Wasted_Row = 0 
Idle = 43935 

BW Util Bottlenecks: 
RCDc_limit = 67 
RCDWRc_limit = 0 
WTRc_limit = 0 
RTWc_limit = 0 
CCDLc_limit = 46 
rwq = 0 
CCDLc_limit_alone = 46 
WTRc_limit_alone = 0 
RTWc_limit_alone = 0 

Commands details: 
total_CMD = 44136 
n_nop = 44044 
Read = 88 
Write = 0 
L2_Alloc = 0 
L2_WB = 0 
n_act = 4 
n_pre = 0 
n_ref = 0 
n_req = 88 
total_req = 88 

Dual Bus Interface Util: 
issued_total_row = 4 
issued_total_col = 88 
Row_Bus_Util =  0.000091 
CoL_Bus_Util = 0.001994 
Either_Row_CoL_Bus_Util = 0.002084 
Issued_on_Two_Bus_Simul_Util = 0.000000 
issued_two_Eff = 0.000000 
queue_avg = 0.002152 


dram_util_bins: 0 0 0 0 0 0 0 0 0 0
dram_eff_bins: 0 0 0 0 0 0 0 0 0 0
mrqq: max=2 avg=0.00215244
Memory Partition 14: 
Cache L2_bank_028:
MSHR contents

Cache L2_bank_029:
MSHR contents

In Dram Latency Queue (total = 0): 
DRAM[14]: 16 bks, busW=16 BL=2 CL=19, tRRD=5 tCCD=1, tRCD=17 tRAS=45 tRP=19 tRC=64
n_cmd=44136 n_nop=44044 n_act=4 n_pre=0 n_ref_event=0 n_req=88 n_rd=88 n_rd_L2_A=0 n_write=0 n_wr_bk=0 bw_util=0.001994
n_activity=819 dram_eff=0.1074
bk0: 0a 44136i bk1: 0a 44136i bk2: 0a 44136i bk3: 0a 44136i bk4: 16a 44117i bk5: 16a 44115i bk6: 28a 44092i bk7: 28a 44089i bk8: 0a 44136i bk9: 0a 44136i bk10: 0a 44136i bk11: 0a 44136i bk12: 0a 44136i bk13: 0a 44136i bk14: 0a 44136i bk15: 0a 44136i 

------------------------------------------------------------------------

Row_Buffer_Locality = 0.954545
Row_Buffer_Locality_read = 0.954545
Row_Buffer_Locality_write = -nan
Bank_Level_Parallism = 1.000000
Bank_Level_Parallism_Col = 1.000000
Bank_Level_Parallism_Ready = 1.000000
write_to_read_ratio_blp_rw_average = 0.000000
GrpLevelPara = 1.000000 

BW Util details:
bwutil = 0.001994 
total_CMD = 44136 
util_bw = 88 
Wasted_Col = 131 
Wasted_Row = 0 
Idle = 43917 

BW Util Bottlenecks: 
RCDc_limit = 68 
RCDWRc_limit = 0 
WTRc_limit = 0 
RTWc_limit = 0 
CCDLc_limit = 63 
rwq = 0 
CCDLc_limit_alone = 63 
WTRc_limit_alone = 0 
RTWc_limit_alone = 0 

Commands details: 
total_CMD = 44136 
n_nop = 44044 
Read = 88 
Write = 0 
L2_Alloc = 0 
L2_WB = 0 
n_act = 4 
n_pre = 0 
n_ref = 0 
n_req = 88 
total_req = 88 

Dual Bus Interface Util: 
issued_total_row = 4 
issued_total_col = 88 
Row_Bus_Util =  0.000091 
CoL_Bus_Util = 0.001994 
Either_Row_CoL_Bus_Util = 0.002084 
Issued_on_Two_Bus_Simul_Util = 0.000000 
issued_two_Eff = 0.000000 
queue_avg = 0.002288 


dram_util_bins: 0 0 0 0 0 0 0 0 0 0
dram_eff_bins: 0 0 0 0 0 0 0 0 0 0
mrqq: max=3 avg=0.00228838
Memory Partition 15: 
Cache L2_bank_030:
MSHR contents

Cache L2_bank_031:
MSHR contents

In Dram Latency Queue (total = 0): 
DRAM[15]: 16 bks, busW=16 BL=2 CL=19, tRRD=5 tCCD=1, tRCD=17 tRAS=45 tRP=19 tRC=64
n_cmd=44136 n_nop=44044 n_act=4 n_pre=0 n_ref_event=0 n_req=88 n_rd=88 n_rd_L2_A=0 n_write=0 n_wr_bk=0 bw_util=0.001994
n_activity=837 dram_eff=0.1051
bk0: 0a 44136i bk1: 0a 44136i bk2: 0a 44136i bk3: 0a 44136i bk4: 16a 44111i bk5: 16a 44111i bk6: 28a 44090i bk7: 28a 44100i bk8: 0a 44136i bk9: 0a 44136i bk10: 0a 44136i bk11: 0a 44136i bk12: 0a 44136i bk13: 0a 44136i bk14: 0a 44136i bk15: 0a 44136i 

------------------------------------------------------------------------

Row_Buffer_Locality = 0.954545
Row_Buffer_Locality_read = 0.954545
Row_Buffer_Locality_write = -nan
Bank_Level_Parallism = 1.000000
Bank_Level_Parallism_Col = 1.000000
Bank_Level_Parallism_Ready = 1.000000
write_to_read_ratio_blp_rw_average = 0.000000
GrpLevelPara = 1.000000 

BW Util details:
bwutil = 0.001994 
total_CMD = 44136 
util_bw = 88 
Wasted_Col = 132 
Wasted_Row = 0 
Idle = 43916 

BW Util Bottlenecks: 
RCDc_limit = 68 
RCDWRc_limit = 0 
WTRc_limit = 0 
RTWc_limit = 0 
CCDLc_limit = 64 
rwq = 0 
CCDLc_limit_alone = 64 
WTRc_limit_alone = 0 
RTWc_limit_alone = 0 

Commands details: 
total_CMD = 44136 
n_nop = 44044 
Read = 88 
Write = 0 
L2_Alloc = 0 
L2_WB = 0 
n_act = 4 
n_pre = 0 
n_ref = 0 
n_req = 88 
total_req = 88 

Dual Bus Interface Util: 
issued_total_row = 4 
issued_total_col = 88 
Row_Bus_Util =  0.000091 
CoL_Bus_Util = 0.001994 
Either_Row_CoL_Bus_Util = 0.002084 
Issued_on_Two_Bus_Simul_Util = 0.000000 
issued_two_Eff = 0.000000 
queue_avg = 0.002016 


dram_util_bins: 0 0 0 0 0 0 0 0 0 0
dram_eff_bins: 0 0 0 0 0 0 0 0 0 0
mrqq: max=2 avg=0.00201649
Memory Partition 16: 
Cache L2_bank_032:
MSHR contents

Cache L2_bank_033:
MSHR contents

In Dram Latency Queue (total = 0): 
DRAM[16]: 16 bks, busW=16 BL=2 CL=19, tRRD=5 tCCD=1, tRCD=17 tRAS=45 tRP=19 tRC=64
n_cmd=44136 n_nop=44044 n_act=4 n_pre=0 n_ref_event=0 n_req=88 n_rd=88 n_rd_L2_A=0 n_write=0 n_wr_bk=0 bw_util=0.001994
n_activity=867 dram_eff=0.1015
bk0: 0a 44136i bk1: 0a 44136i bk2: 0a 44136i bk3: 0a 44136i bk4: 16a 44111i bk5: 16a 44110i bk6: 28a 44103i bk7: 28a 44089i bk8: 0a 44136i bk9: 0a 44136i bk10: 0a 44136i bk11: 0a 44136i bk12: 0a 44136i bk13: 0a 44136i bk14: 0a 44136i bk15: 0a 44136i 

------------------------------------------------------------------------

Row_Buffer_Locality = 0.954545
Row_Buffer_Locality_read = 0.954545
Row_Buffer_Locality_write = -nan
Bank_Level_Parallism = 1.013889
Bank_Level_Parallism_Col = 1.014151
Bank_Level_Parallism_Ready = 1.000000
write_to_read_ratio_blp_rw_average = 0.000000
GrpLevelPara = 1.014151 

BW Util details:
bwutil = 0.001994 
total_CMD = 44136 
util_bw = 88 
Wasted_Col = 128 
Wasted_Row = 0 
Idle = 43920 

BW Util Bottlenecks: 
RCDc_limit = 65 
RCDWRc_limit = 0 
WTRc_limit = 0 
RTWc_limit = 0 
CCDLc_limit = 63 
rwq = 0 
CCDLc_limit_alone = 63 
WTRc_limit_alone = 0 
RTWc_limit_alone = 0 

Commands details: 
total_CMD = 44136 
n_nop = 44044 
Read = 88 
Write = 0 
L2_Alloc = 0 
L2_WB = 0 
n_act = 4 
n_pre = 0 
n_ref = 0 
n_req = 88 
total_req = 88 

Dual Bus Interface Util: 
issued_total_row = 4 
issued_total_col = 88 
Row_Bus_Util =  0.000091 
CoL_Bus_Util = 0.001994 
Either_Row_CoL_Bus_Util = 0.002084 
Issued_on_Two_Bus_Simul_Util = 0.000000 
issued_two_Eff = 0.000000 
queue_avg = 0.004282 


dram_util_bins: 0 0 0 0 0 0 0 0 0 0
dram_eff_bins: 0 0 0 0 0 0 0 0 0 0
mrqq: max=3 avg=0.00428222
Memory Partition 17: 
Cache L2_bank_034:
MSHR contents

Cache L2_bank_035:
MSHR contents

In Dram Latency Queue (total = 0): 
DRAM[17]: 16 bks, busW=16 BL=2 CL=19, tRRD=5 tCCD=1, tRCD=17 tRAS=45 tRP=19 tRC=64
n_cmd=44136 n_nop=44049 n_act=4 n_pre=0 n_ref_event=0 n_req=84 n_rd=84 n_rd_L2_A=0 n_write=0 n_wr_bk=0 bw_util=0.001903
n_activity=764 dram_eff=0.1099
bk0: 0a 44136i bk1: 0a 44136i bk2: 0a 44136i bk3: 0a 44136i bk4: 16a 44108i bk5: 16a 44107i bk6: 28a 44095i bk7: 24a 44098i bk8: 0a 44136i bk9: 0a 44136i bk10: 0a 44136i bk11: 0a 44136i bk12: 0a 44136i bk13: 0a 44136i bk14: 0a 44136i bk15: 0a 44136i 

------------------------------------------------------------------------

Row_Buffer_Locality = 0.952381
Row_Buffer_Locality_read = 0.952381
Row_Buffer_Locality_write = -nan
Bank_Level_Parallism = 1.057692
Bank_Level_Parallism_Col = 1.048544
Bank_Level_Parallism_Ready = 1.000000
write_to_read_ratio_blp_rw_average = 0.000000
GrpLevelPara = 1.048544 

BW Util details:
bwutil = 0.001903 
total_CMD = 44136 
util_bw = 84 
Wasted_Col = 124 
Wasted_Row = 0 
Idle = 43928 

BW Util Bottlenecks: 
RCDc_limit = 63 
RCDWRc_limit = 0 
WTRc_limit = 0 
RTWc_limit = 0 
CCDLc_limit = 68 
rwq = 0 
CCDLc_limit_alone = 68 
WTRc_limit_alone = 0 
RTWc_limit_alone = 0 

Commands details: 
total_CMD = 44136 
n_nop = 44049 
Read = 84 
Write = 0 
L2_Alloc = 0 
L2_WB = 0 
n_act = 4 
n_pre = 0 
n_ref = 0 
n_req = 84 
total_req = 84 

Dual Bus Interface Util: 
issued_total_row = 4 
issued_total_col = 84 
Row_Bus_Util =  0.000091 
CoL_Bus_Util = 0.001903 
Either_Row_CoL_Bus_Util = 0.001971 
Issued_on_Two_Bus_Simul_Util = 0.000023 
issued_two_Eff = 0.011494 
queue_avg = 0.005053 


dram_util_bins: 0 0 0 0 0 0 0 0 0 0
dram_eff_bins: 0 0 0 0 0 0 0 0 0 0
mrqq: max=3 avg=0.00505256
Memory Partition 18: 
Cache L2_bank_036:
MSHR contents

Cache L2_bank_037:
MSHR contents

In Dram Latency Queue (total = 0): 
DRAM[18]: 16 bks, busW=16 BL=2 CL=19, tRRD=5 tCCD=1, tRCD=17 tRAS=45 tRP=19 tRC=64
n_cmd=44136 n_nop=44053 n_act=4 n_pre=0 n_ref_event=0 n_req=80 n_rd=80 n_rd_L2_A=0 n_write=0 n_wr_bk=0 bw_util=0.001813
n_activity=843 dram_eff=0.0949
bk0: 0a 44136i bk1: 0a 44136i bk2: 0a 44136i bk3: 0a 44136i bk4: 16a 44107i bk5: 16a 44111i bk6: 24a 44109i bk7: 24a 44101i bk8: 0a 44136i bk9: 0a 44136i bk10: 0a 44136i bk11: 0a 44136i bk12: 0a 44136i bk13: 0a 44136i bk14: 0a 44136i bk15: 0a 44136i 

------------------------------------------------------------------------

Row_Buffer_Locality = 0.950000
Row_Buffer_Locality_read = 0.950000
Row_Buffer_Locality_write = -nan
Bank_Level_Parallism = 1.065217
Bank_Level_Parallism_Col = 1.054945
Bank_Level_Parallism_Ready = 1.000000
write_to_read_ratio_blp_rw_average = 0.000000
GrpLevelPara = 1.054945 

BW Util details:
bwutil = 0.001813 
total_CMD = 44136 
util_bw = 80 
Wasted_Col = 104 
Wasted_Row = 0 
Idle = 43952 

BW Util Bottlenecks: 
RCDc_limit = 63 
RCDWRc_limit = 0 
WTRc_limit = 0 
RTWc_limit = 0 
CCDLc_limit = 48 
rwq = 0 
CCDLc_limit_alone = 48 
WTRc_limit_alone = 0 
RTWc_limit_alone = 0 

Commands details: 
total_CMD = 44136 
n_nop = 44053 
Read = 80 
Write = 0 
L2_Alloc = 0 
L2_WB = 0 
n_act = 4 
n_pre = 0 
n_ref = 0 
n_req = 80 
total_req = 80 

Dual Bus Interface Util: 
issued_total_row = 4 
issued_total_col = 80 
Row_Bus_Util =  0.000091 
CoL_Bus_Util = 0.001813 
Either_Row_CoL_Bus_Util = 0.001881 
Issued_on_Two_Bus_Simul_Util = 0.000023 
issued_two_Eff = 0.012048 
queue_avg = 0.004192 


dram_util_bins: 0 0 0 0 0 0 0 0 0 0
dram_eff_bins: 0 0 0 0 0 0 0 0 0 0
mrqq: max=3 avg=0.00419159
Memory Partition 19: 
Cache L2_bank_038:
MSHR contents

Cache L2_bank_039:
MSHR contents

In Dram Latency Queue (total = 0): 
DRAM[19]: 16 bks, busW=16 BL=2 CL=19, tRRD=5 tCCD=1, tRCD=17 tRAS=45 tRP=19 tRC=64
n_cmd=44136 n_nop=44052 n_act=4 n_pre=0 n_ref_event=0 n_req=80 n_rd=80 n_rd_L2_A=0 n_write=0 n_wr_bk=0 bw_util=0.001813
n_activity=713 dram_eff=0.1122
bk0: 0a 44136i bk1: 0a 44136i bk2: 0a 44136i bk3: 0a 44136i bk4: 16a 44103i bk5: 16a 44117i bk6: 24a 44099i bk7: 24a 44108i bk8: 0a 44136i bk9: 0a 44136i bk10: 0a 44136i bk11: 0a 44136i bk12: 0a 44136i bk13: 0a 44136i bk14: 0a 44136i bk15: 0a 44136i 

------------------------------------------------------------------------

Row_Buffer_Locality = 0.950000
Row_Buffer_Locality_read = 0.950000
Row_Buffer_Locality_write = -nan
Bank_Level_Parallism = 1.015464
Bank_Level_Parallism_Col = 1.015790
Bank_Level_Parallism_Ready = 1.000000
write_to_read_ratio_blp_rw_average = 0.000000
GrpLevelPara = 1.015790 

BW Util details:
bwutil = 0.001813 
total_CMD = 44136 
util_bw = 80 
Wasted_Col = 114 
Wasted_Row = 0 
Idle = 43942 

BW Util Bottlenecks: 
RCDc_limit = 66 
RCDWRc_limit = 0 
WTRc_limit = 0 
RTWc_limit = 0 
CCDLc_limit = 48 
rwq = 0 
CCDLc_limit_alone = 48 
WTRc_limit_alone = 0 
RTWc_limit_alone = 0 

Commands details: 
total_CMD = 44136 
n_nop = 44052 
Read = 80 
Write = 0 
L2_Alloc = 0 
L2_WB = 0 
n_act = 4 
n_pre = 0 
n_ref = 0 
n_req = 80 
total_req = 80 

Dual Bus Interface Util: 
issued_total_row = 4 
issued_total_col = 80 
Row_Bus_Util =  0.000091 
CoL_Bus_Util = 0.001813 
Either_Row_CoL_Bus_Util = 0.001903 
Issued_on_Two_Bus_Simul_Util = 0.000000 
issued_two_Eff = 0.000000 
queue_avg = 0.002560 


dram_util_bins: 0 0 0 0 0 0 0 0 0 0
dram_eff_bins: 0 0 0 0 0 0 0 0 0 0
mrqq: max=2 avg=0.00256027
Memory Partition 20: 
Cache L2_bank_040:
MSHR contents

Cache L2_bank_041:
MSHR contents

In Dram Latency Queue (total = 0): 
DRAM[20]: 16 bks, busW=16 BL=2 CL=19, tRRD=5 tCCD=1, tRCD=17 tRAS=45 tRP=19 tRC=64
n_cmd=44136 n_nop=44052 n_act=4 n_pre=0 n_ref_event=0 n_req=80 n_rd=80 n_rd_L2_A=0 n_write=0 n_wr_bk=0 bw_util=0.001813
n_activity=808 dram_eff=0.09901
bk0: 0a 44136i bk1: 0a 44136i bk2: 0a 44136i bk3: 0a 44136i bk4: 16a 44111i bk5: 16a 44111i bk6: 24a 44102i bk7: 24a 44102i bk8: 0a 44136i bk9: 0a 44136i bk10: 0a 44136i bk11: 0a 44136i bk12: 0a 44136i bk13: 0a 44136i bk14: 0a 44136i bk15: 0a 44136i 

------------------------------------------------------------------------

Row_Buffer_Locality = 0.950000
Row_Buffer_Locality_read = 0.950000
Row_Buffer_Locality_write = -nan
Bank_Level_Parallism = 1.005076
Bank_Level_Parallism_Col = 1.005181
Bank_Level_Parallism_Ready = 1.000000
write_to_read_ratio_blp_rw_average = 0.000000
GrpLevelPara = 1.005181 

BW Util details:
bwutil = 0.001813 
total_CMD = 44136 
util_bw = 80 
Wasted_Col = 117 
Wasted_Row = 0 
Idle = 43939 

BW Util Bottlenecks: 
RCDc_limit = 67 
RCDWRc_limit = 0 
WTRc_limit = 0 
RTWc_limit = 0 
CCDLc_limit = 50 
rwq = 0 
CCDLc_limit_alone = 50 
WTRc_limit_alone = 0 
RTWc_limit_alone = 0 

Commands details: 
total_CMD = 44136 
n_nop = 44052 
Read = 80 
Write = 0 
L2_Alloc = 0 
L2_WB = 0 
n_act = 4 
n_pre = 0 
n_ref = 0 
n_req = 80 
total_req = 80 

Dual Bus Interface Util: 
issued_total_row = 4 
issued_total_col = 80 
Row_Bus_Util =  0.000091 
CoL_Bus_Util = 0.001813 
Either_Row_CoL_Bus_Util = 0.001903 
Issued_on_Two_Bus_Simul_Util = 0.000000 
issued_two_Eff = 0.000000 
queue_avg = 0.002152 


dram_util_bins: 0 0 0 0 0 0 0 0 0 0
dram_eff_bins: 0 0 0 0 0 0 0 0 0 0
mrqq: max=3 avg=0.00215244
Memory Partition 21: 
Cache L2_bank_042:
MSHR contents

Cache L2_bank_043:
MSHR contents

In Dram Latency Queue (total = 0): 
DRAM[21]: 16 bks, busW=16 BL=2 CL=19, tRRD=5 tCCD=1, tRCD=17 tRAS=45 tRP=19 tRC=64
n_cmd=44136 n_nop=44052 n_act=4 n_pre=0 n_ref_event=0 n_req=80 n_rd=80 n_rd_L2_A=0 n_write=0 n_wr_bk=0 bw_util=0.001813
n_activity=777 dram_eff=0.103
bk0: 0a 44136i bk1: 0a 44136i bk2: 0a 44136i bk3: 0a 44136i bk4: 16a 44113i bk5: 16a 44111i bk6: 24a 44107i bk7: 24a 44100i bk8: 0a 44136i bk9: 0a 44136i bk10: 0a 44136i bk11: 0a 44136i bk12: 0a 44136i bk13: 0a 44136i bk14: 0a 44136i bk15: 0a 44136i 

------------------------------------------------------------------------

Row_Buffer_Locality = 0.950000
Row_Buffer_Locality_read = 0.950000
Row_Buffer_Locality_write = -nan
Bank_Level_Parallism = 1.148810
Bank_Level_Parallism_Col = 1.145455
Bank_Level_Parallism_Ready = 1.000000
write_to_read_ratio_blp_rw_average = 0.000000
GrpLevelPara = 1.145455 

BW Util details:
bwutil = 0.001813 
total_CMD = 44136 
util_bw = 80 
Wasted_Col = 88 
Wasted_Row = 0 
Idle = 43968 

BW Util Bottlenecks: 
RCDc_limit = 61 
RCDWRc_limit = 0 
WTRc_limit = 0 
RTWc_limit = 0 
CCDLc_limit = 40 
rwq = 0 
CCDLc_limit_alone = 40 
WTRc_limit_alone = 0 
RTWc_limit_alone = 0 

Commands details: 
total_CMD = 44136 
n_nop = 44052 
Read = 80 
Write = 0 
L2_Alloc = 0 
L2_WB = 0 
n_act = 4 
n_pre = 0 
n_ref = 0 
n_req = 80 
total_req = 80 

Dual Bus Interface Util: 
issued_total_row = 4 
issued_total_col = 80 
Row_Bus_Util =  0.000091 
CoL_Bus_Util = 0.001813 
Either_Row_CoL_Bus_Util = 0.001903 
Issued_on_Two_Bus_Simul_Util = 0.000000 
issued_two_Eff = 0.000000 
queue_avg = 0.002628 


dram_util_bins: 0 0 0 0 0 0 0 0 0 0
dram_eff_bins: 0 0 0 0 0 0 0 0 0 0
mrqq: max=3 avg=0.00262824
Memory Partition 22: 
Cache L2_bank_044:
MSHR contents

Cache L2_bank_045:
MSHR contents

In Dram Latency Queue (total = 0): 
DRAM[22]: 16 bks, busW=16 BL=2 CL=19, tRRD=5 tCCD=1, tRCD=17 tRAS=45 tRP=19 tRC=64
n_cmd=44136 n_nop=44052 n_act=4 n_pre=0 n_ref_event=0 n_req=80 n_rd=80 n_rd_L2_A=0 n_write=0 n_wr_bk=0 bw_util=0.001813
n_activity=809 dram_eff=0.09889
bk0: 0a 44136i bk1: 0a 44136i bk2: 0a 44136i bk3: 0a 44136i bk4: 16a 44117i bk5: 16a 44115i bk6: 24a 44102i bk7: 24a 44102i bk8: 0a 44136i bk9: 0a 44136i bk10: 0a 44136i bk11: 0a 44136i bk12: 0a 44136i bk13: 0a 44136i bk14: 0a 44136i bk15: 0a 44136i 

------------------------------------------------------------------------

Row_Buffer_Locality = 0.950000
Row_Buffer_Locality_read = 0.950000
Row_Buffer_Locality_write = -nan
Bank_Level_Parallism = 1.032967
Bank_Level_Parallism_Col = 1.033708
Bank_Level_Parallism_Ready = 1.000000
write_to_read_ratio_blp_rw_average = 0.000000
GrpLevelPara = 1.033708 

BW Util details:
bwutil = 0.001813 
total_CMD = 44136 
util_bw = 80 
Wasted_Col = 102 
Wasted_Row = 0 
Idle = 43954 

BW Util Bottlenecks: 
RCDc_limit = 62 
RCDWRc_limit = 0 
WTRc_limit = 0 
RTWc_limit = 0 
CCDLc_limit = 40 
rwq = 0 
CCDLc_limit_alone = 40 
WTRc_limit_alone = 0 
RTWc_limit_alone = 0 

Commands details: 
total_CMD = 44136 
n_nop = 44052 
Read = 80 
Write = 0 
L2_Alloc = 0 
L2_WB = 0 
n_act = 4 
n_pre = 0 
n_ref = 0 
n_req = 80 
total_req = 80 

Dual Bus Interface Util: 
issued_total_row = 4 
issued_total_col = 80 
Row_Bus_Util =  0.000091 
CoL_Bus_Util = 0.001813 
Either_Row_CoL_Bus_Util = 0.001903 
Issued_on_Two_Bus_Simul_Util = 0.000000 
issued_two_Eff = 0.000000 
queue_avg = 0.001722 


dram_util_bins: 0 0 0 0 0 0 0 0 0 0
dram_eff_bins: 0 0 0 0 0 0 0 0 0 0
mrqq: max=2 avg=0.00172195
Memory Partition 23: 
Cache L2_bank_046:
MSHR contents

Cache L2_bank_047:
MSHR contents

In Dram Latency Queue (total = 0): 
DRAM[23]: 16 bks, busW=16 BL=2 CL=19, tRRD=5 tCCD=1, tRCD=17 tRAS=45 tRP=19 tRC=64
n_cmd=44136 n_nop=44052 n_act=4 n_pre=0 n_ref_event=0 n_req=80 n_rd=80 n_rd_L2_A=0 n_write=0 n_wr_bk=0 bw_util=0.001813
n_activity=840 dram_eff=0.09524
bk0: 0a 44136i bk1: 0a 44136i bk2: 0a 44136i bk3: 0a 44136i bk4: 16a 44115i bk5: 16a 44117i bk6: 24a 44100i bk7: 24a 44102i bk8: 0a 44136i bk9: 0a 44136i bk10: 0a 44136i bk11: 0a 44136i bk12: 0a 44136i bk13: 0a 44136i bk14: 0a 44136i bk15: 0a 44136i 

------------------------------------------------------------------------

Row_Buffer_Locality = 0.950000
Row_Buffer_Locality_read = 0.950000
Row_Buffer_Locality_write = -nan
Bank_Level_Parallism = 1.027027
Bank_Level_Parallism_Col = 1.027624
Bank_Level_Parallism_Ready = 1.012500
write_to_read_ratio_blp_rw_average = 0.000000
GrpLevelPara = 1.027624 

BW Util details:
bwutil = 0.001813 
total_CMD = 44136 
util_bw = 80 
Wasted_Col = 105 
Wasted_Row = 0 
Idle = 43951 

BW Util Bottlenecks: 
RCDc_limit = 64 
RCDWRc_limit = 0 
WTRc_limit = 0 
RTWc_limit = 0 
CCDLc_limit = 41 
rwq = 0 
CCDLc_limit_alone = 41 
WTRc_limit_alone = 0 
RTWc_limit_alone = 0 

Commands details: 
total_CMD = 44136 
n_nop = 44052 
Read = 80 
Write = 0 
L2_Alloc = 0 
L2_WB = 0 
n_act = 4 
n_pre = 0 
n_ref = 0 
n_req = 80 
total_req = 80 

Dual Bus Interface Util: 
issued_total_row = 4 
issued_total_col = 80 
Row_Bus_Util =  0.000091 
CoL_Bus_Util = 0.001813 
Either_Row_CoL_Bus_Util = 0.001903 
Issued_on_Two_Bus_Simul_Util = 0.000000 
issued_two_Eff = 0.000000 
queue_avg = 0.002062 


dram_util_bins: 0 0 0 0 0 0 0 0 0 0
dram_eff_bins: 0 0 0 0 0 0 0 0 0 0
mrqq: max=3 avg=0.00206181

========= L2 cache stats =========
L2_cache_bank[0]: Access = 52, Miss = 52, Miss_rate = 1.000, Pending_hits = 0, Reservation_fails = 0
L2_cache_bank[1]: Access = 52, Miss = 52, Miss_rate = 1.000, Pending_hits = 0, Reservation_fails = 0
L2_cache_bank[2]: Access = 52, Miss = 52, Miss_rate = 1.000, Pending_hits = 0, Reservation_fails = 0
L2_cache_bank[3]: Access = 52, Miss = 52, Miss_rate = 1.000, Pending_hits = 0, Reservation_fails = 0
L2_cache_bank[4]: Access = 52, Miss = 52, Miss_rate = 1.000, Pending_hits = 0, Reservation_fails = 0
L2_cache_bank[5]: Access = 52, Miss = 52, Miss_rate = 1.000, Pending_hits = 0, Reservation_fails = 0
L2_cache_bank[6]: Access = 52, Miss = 52, Miss_rate = 1.000, Pending_hits = 0, Reservation_fails = 0
L2_cache_bank[7]: Access = 52, Miss = 52, Miss_rate = 1.000, Pending_hits = 0, Reservation_fails = 0
L2_cache_bank[8]: Access = 52, Miss = 52, Miss_rate = 1.000, Pending_hits = 0, Reservation_fails = 0
L2_cache_bank[9]: Access = 52, Miss = 52, Miss_rate = 1.000, Pending_hits = 0, Reservation_fails = 0
L2_cache_bank[10]: Access = 52, Miss = 52, Miss_rate = 1.000, Pending_hits = 0, Reservation_fails = 0
L2_cache_bank[11]: Access = 52, Miss = 52, Miss_rate = 1.000, Pending_hits = 0, Reservation_fails = 0
L2_cache_bank[12]: Access = 52, Miss = 52, Miss_rate = 1.000, Pending_hits = 0, Reservation_fails = 0
L2_cache_bank[13]: Access = 52, Miss = 52, Miss_rate = 1.000, Pending_hits = 0, Reservation_fails = 0
L2_cache_bank[14]: Access = 52, Miss = 52, Miss_rate = 1.000, Pending_hits = 0, Reservation_fails = 0
L2_cache_bank[15]: Access = 52, Miss = 52, Miss_rate = 1.000, Pending_hits = 0, Reservation_fails = 0
L2_cache_bank[16]: Access = 48, Miss = 48, Miss_rate = 1.000, Pending_hits = 0, Reservation_fails = 0
L2_cache_bank[17]: Access = 48, Miss = 48, Miss_rate = 1.000, Pending_hits = 0, Reservation_fails = 0
L2_cache_bank[18]: Access = 48, Miss = 48, Miss_rate = 1.000, Pending_hits = 0, Reservation_fails = 0
L2_cache_bank[19]: Access = 48, Miss = 48, Miss_rate = 1.000, Pending_hits = 0, Reservation_fails = 0
L2_cache_bank[20]: Access = 48, Miss = 48, Miss_rate = 1.000, Pending_hits = 0, Reservation_fails = 0
L2_cache_bank[21]: Access = 48, Miss = 48, Miss_rate = 1.000, Pending_hits = 0, Reservation_fails = 0
L2_cache_bank[22]: Access = 48, Miss = 48, Miss_rate = 1.000, Pending_hits = 0, Reservation_fails = 0
L2_cache_bank[23]: Access = 48, Miss = 48, Miss_rate = 1.000, Pending_hits = 0, Reservation_fails = 0
L2_cache_bank[24]: Access = 48, Miss = 48, Miss_rate = 1.000, Pending_hits = 0, Reservation_fails = 0
L2_cache_bank[25]: Access = 48, Miss = 48, Miss_rate = 1.000, Pending_hits = 0, Reservation_fails = 0
L2_cache_bank[26]: Access = 48, Miss = 48, Miss_rate = 1.000, Pending_hits = 0, Reservation_fails = 0
L2_cache_bank[27]: Access = 48, Miss = 48, Miss_rate = 1.000, Pending_hits = 0, Reservation_fails = 0
L2_cache_bank[28]: Access = 48, Miss = 48, Miss_rate = 1.000, Pending_hits = 0, Reservation_fails = 0
L2_cache_bank[29]: Access = 48, Miss = 48, Miss_rate = 1.000, Pending_hits = 0, Reservation_fails = 0
L2_cache_bank[30]: Access = 48, Miss = 48, Miss_rate = 1.000, Pending_hits = 0, Reservation_fails = 0
L2_cache_bank[31]: Access = 48, Miss = 48, Miss_rate = 1.000, Pending_hits = 0, Reservation_fails = 0
L2_cache_bank[32]: Access = 56, Miss = 52, Miss_rate = 0.929, Pending_hits = 0, Reservation_fails = 0
L2_cache_bank[33]: Access = 56, Miss = 52, Miss_rate = 0.929, Pending_hits = 0, Reservation_fails = 0
L2_cache_bank[34]: Access = 56, Miss = 52, Miss_rate = 0.929, Pending_hits = 0, Reservation_fails = 0
L2_cache_bank[35]: Access = 52, Miss = 52, Miss_rate = 1.000, Pending_hits = 0, Reservation_fails = 0
L2_cache_bank[36]: Access = 52, Miss = 52, Miss_rate = 1.000, Pending_hits = 0, Reservation_fails = 0
L2_cache_bank[37]: Access = 52, Miss = 52, Miss_rate = 1.000, Pending_hits = 0, Reservation_fails = 0
L2_cache_bank[38]: Access = 52, Miss = 52, Miss_rate = 1.000, Pending_hits = 0, Reservation_fails = 0
L2_cache_bank[39]: Access = 52, Miss = 52, Miss_rate = 1.000, Pending_hits = 0, Reservation_fails = 0
L2_cache_bank[40]: Access = 52, Miss = 52, Miss_rate = 1.000, Pending_hits = 0, Reservation_fails = 0
L2_cache_bank[41]: Access = 52, Miss = 52, Miss_rate = 1.000, Pending_hits = 0, Reservation_fails = 0
L2_cache_bank[42]: Access = 52, Miss = 52, Miss_rate = 1.000, Pending_hits = 0, Reservation_fails = 0
L2_cache_bank[43]: Access = 52, Miss = 52, Miss_rate = 1.000, Pending_hits = 0, Reservation_fails = 0
L2_cache_bank[44]: Access = 52, Miss = 52, Miss_rate = 1.000, Pending_hits = 0, Reservation_fails = 0
L2_cache_bank[45]: Access = 52, Miss = 52, Miss_rate = 1.000, Pending_hits = 0, Reservation_fails = 0
L2_cache_bank[46]: Access = 52, Miss = 52, Miss_rate = 1.000, Pending_hits = 0, Reservation_fails = 0
L2_cache_bank[47]: Access = 52, Miss = 52, Miss_rate = 1.000, Pending_hits = 0, Reservation_fails = 0
L2_total_cache_accesses = 2444
L2_total_cache_misses = 2432
L2_total_cache_miss_rate = 0.9951
L2_total_cache_pending_hits = 0
L2_total_cache_reservation_fails = 0
L2_total_cache_breakdown:
L2_total_cache_reservation_fail_breakdown:
L2_cache_data_port_util = 0.000
L2_cache_fill_port_util = 0.001

icnt_total_pkts_mem_to_simt=2444
icnt_total_pkts_simt_to_mem=2444
LD_mem_lat_dist  0 0 0 0 0 0 0 0 0 0 0 0 0 0 0 0 0 0 0 0 0 0 0 0 0 0 0
ST_mem_lat_dist  0 0 0 0 0 0 0 0 0 0 0 0 0 0 0 0 0 0 0 0 0 0 0 0 0 0 0
----------------------------Interconnect-DETAILS------------------------------
Req_Network_injected_packets_num = 2444
Req_Network_cycles = 52310
Req_Network_injected_packets_per_cycle =       0.0467 
Req_Network_conflicts_per_cycle =       0.0000
Req_Network_conflicts_per_cycle_util =       0.0000
Req_Bank_Level_Parallism =       1.0000
Req_Network_in_buffer_full_per_cycle =       0.0000
Req_Network_in_buffer_avg_util =       0.0000
Req_Network_out_buffer_full_per_cycle =       0.0000
Req_Network_out_buffer_avg_util =       0.0010

Reply_Network_injected_packets_num = 2444
Reply_Network_cycles = 52310
Reply_Network_injected_packets_per_cycle =        0.0467
Reply_Network_conflicts_per_cycle =        0.1978
Reply_Network_conflicts_per_cycle_util =       4.2332
Reply_Bank_Level_Parallism =       1.0000
Reply_Network_in_buffer_full_per_cycle =       0.0000
Reply_Network_in_buffer_avg_util =       0.0072
Reply_Network_out_buffer_full_per_cycle =       0.0000
Reply_Network_out_buffer_avg_util =       0.0008
----------------------------END-of-Interconnect-DETAILS-----------------------
